{"C:\\Users\\jjose\\Documents\\proyectos\\TFG\\foro-sist-gam\\server\\app.js": {"path":"C:\\Users\\jjose\\Documents\\proyectos\\TFG\\foro-sist-gam\\server\\app.js","statementMap":{"0":{"start":{"line":33,"column":12},"end":{"line":33,"column":21}},"1":{"start":{"line":35,"column":18},"end":{"line":35,"column":39}},"2":{"start":{"line":36,"column":19},"end":{"line":36,"column":49}},"3":{"start":{"line":37,"column":18},"end":{"line":37,"column":42}},"4":{"start":{"line":40,"column":0},"end":{"line":48,"column":4}},"5":{"start":{"line":42,"column":8},"end":{"line":44,"column":9}},"6":{"start":{"line":43,"column":12},"end":{"line":43,"column":41}},"7":{"start":{"line":45,"column":8},"end":{"line":45,"column":78}},"8":{"start":{"line":49,"column":0},"end":{"line":49,"column":22}},"9":{"start":{"line":50,"column":0},"end":{"line":50,"column":45}},"10":{"start":{"line":51,"column":0},"end":{"line":53,"column":4}},"11":{"start":{"line":54,"column":0},"end":{"line":54,"column":23}},"12":{"start":{"line":56,"column":0},"end":{"line":56,"column":18}},"13":{"start":{"line":59,"column":0},"end":{"line":59,"column":29}},"14":{"start":{"line":60,"column":0},"end":{"line":60,"column":44}},"15":{"start":{"line":61,"column":0},"end":{"line":61,"column":47}},"16":{"start":{"line":62,"column":0},"end":{"line":62,"column":38}},"17":{"start":{"line":63,"column":0},"end":{"line":63,"column":35}},"18":{"start":{"line":64,"column":0},"end":{"line":64,"column":36}},"19":{"start":{"line":65,"column":0},"end":{"line":65,"column":40}},"20":{"start":{"line":66,"column":0},"end":{"line":66,"column":39}},"21":{"start":{"line":67,"column":0},"end":{"line":67,"column":34}},"22":{"start":{"line":68,"column":0},"end":{"line":68,"column":40}},"23":{"start":{"line":69,"column":0},"end":{"line":69,"column":44}},"24":{"start":{"line":70,"column":0},"end":{"line":70,"column":38}},"25":{"start":{"line":71,"column":0},"end":{"line":71,"column":36}},"26":{"start":{"line":72,"column":0},"end":{"line":72,"column":40}},"27":{"start":{"line":75,"column":0},"end":{"line":75,"column":23}},"28":{"start":{"line":76,"column":0},"end":{"line":76,"column":22}},"29":{"start":{"line":78,"column":0},"end":{"line":78,"column":19}},"30":{"start":{"line":79,"column":0},"end":{"line":79,"column":56}}},"fnMap":{"0":{"name":"(anonymous_0)","decl":{"start":{"line":41,"column":12},"end":{"line":41,"column":13}},"loc":{"start":{"line":41,"column":38},"end":{"line":46,"column":5}},"line":41}},"branchMap":{"0":{"loc":{"start":{"line":42,"column":8},"end":{"line":44,"column":9}},"type":"if","locations":[{"start":{"line":42,"column":8},"end":{"line":44,"column":9}},{"start":{},"end":{}}],"line":42},"1":{"loc":{"start":{"line":42,"column":11},"end":{"line":42,"column":48}},"type":"binary-expr","locations":[{"start":{"line":42,"column":11},"end":{"line":42,"column":18}},{"start":{"line":42,"column":22},"end":{"line":42,"column":48}}],"line":42}},"s":{"0":14,"1":14,"2":14,"3":14,"4":14,"5":153,"6":153,"7":0,"8":14,"9":14,"10":14,"11":14,"12":14,"13":14,"14":14,"15":14,"16":14,"17":14,"18":14,"19":14,"20":14,"21":14,"22":14,"23":14,"24":14,"25":14,"26":14,"27":14,"28":14,"29":14,"30":14},"f":{"0":153},"b":{"0":[153,0],"1":[153,0]},"inputSourceMap":null,"_coverageSchema":"1a1c01bbd47fc00a2c39e90264f33305004495a9","hash":"ac82099a7103bc5534cd74eba962a5905d6d30b4"}
,"C:\\Users\\jjose\\Documents\\proyectos\\TFG\\foro-sist-gam\\server\\config\\db.js": {"path":"C:\\Users\\jjose\\Documents\\proyectos\\TFG\\foro-sist-gam\\server\\config\\db.js","statementMap":{"0":{"start":{"line":5,"column":4},"end":{"line":18,"column":5}},"1":{"start":{"line":6,"column":8},"end":{"line":6,"column":34}},"2":{"start":{"line":7,"column":8},"end":{"line":9,"column":9}},"3":{"start":{"line":8,"column":12},"end":{"line":8,"column":43}},"4":{"start":{"line":10,"column":8},"end":{"line":13,"column":11}},"5":{"start":{"line":14,"column":8},"end":{"line":14,"column":52}},"6":{"start":{"line":16,"column":8},"end":{"line":16,"column":59}},"7":{"start":{"line":17,"column":8},"end":{"line":17,"column":61}}},"fnMap":{"0":{"name":"connectDB","decl":{"start":{"line":4,"column":15},"end":{"line":4,"column":24}},"loc":{"start":{"line":4,"column":26},"end":{"line":19,"column":1}},"line":4}},"branchMap":{"0":{"loc":{"start":{"line":7,"column":8},"end":{"line":9,"column":9}},"type":"if","locations":[{"start":{"line":7,"column":8},"end":{"line":9,"column":9}},{"start":{},"end":{}}],"line":7}},"s":{"0":14,"1":14,"2":14,"3":14,"4":14,"5":14,"6":0,"7":0},"f":{"0":14},"b":{"0":[14,0]},"inputSourceMap":null,"_coverageSchema":"1a1c01bbd47fc00a2c39e90264f33305004495a9","hash":"22df176c78553dd0eef39d464a0a0298b72ad222"}
,"C:\\Users\\jjose\\Documents\\proyectos\\TFG\\foro-sist-gam\\server\\controllers\\Authenticaction.controllers.js": {"path":"C:\\Users\\jjose\\Documents\\proyectos\\TFG\\foro-sist-gam\\server\\controllers\\Authenticaction.controllers.js","statementMap":{"0":{"start":{"line":5,"column":17},"end":{"line":16,"column":1}},"1":{"start":{"line":7,"column":4},"end":{"line":15,"column":5}},"2":{"start":{"line":8,"column":21},"end":{"line":8,"column":81}},"3":{"start":{"line":9,"column":35},"end":{"line":9,"column":69}},"4":{"start":{"line":10,"column":8},"end":{"line":10,"column":43}},"5":{"start":{"line":12,"column":8},"end":{"line":12,"column":100}},"6":{"start":{"line":14,"column":8},"end":{"line":14,"column":19}},"7":{"start":{"line":18,"column":14},"end":{"line":32,"column":1}},"8":{"start":{"line":19,"column":4},"end":{"line":31,"column":5}},"9":{"start":{"line":20,"column":21},"end":{"line":20,"column":64}},"10":{"start":{"line":21,"column":25},"end":{"line":21,"column":38}},"11":{"start":{"line":22,"column":27},"end":{"line":22,"column":53}},"12":{"start":{"line":23,"column":23},"end":{"line":23,"column":30}},"13":{"start":{"line":25,"column":37},"end":{"line":25,"column":71}},"14":{"start":{"line":26,"column":8},"end":{"line":26,"column":43}},"15":{"start":{"line":28,"column":8},"end":{"line":28,"column":128}},"16":{"start":{"line":30,"column":8},"end":{"line":30,"column":19}},"17":{"start":{"line":35,"column":21},"end":{"line":44,"column":1}},"18":{"start":{"line":36,"column":8},"end":{"line":43,"column":9}},"19":{"start":{"line":37,"column":23},"end":{"line":37,"column":77}},"20":{"start":{"line":38,"column":41},"end":{"line":38,"column":75}},"21":{"start":{"line":40,"column":12},"end":{"line":40,"column":62}},"22":{"start":{"line":42,"column":12},"end":{"line":42,"column":23}},"23":{"start":{"line":46,"column":15},"end":{"line":59,"column":1}},"24":{"start":{"line":47,"column":4},"end":{"line":58,"column":5}},"25":{"start":{"line":48,"column":8},"end":{"line":48,"column":28}},"26":{"start":{"line":49,"column":8},"end":{"line":49,"column":40}},"27":{"start":{"line":50,"column":8},"end":{"line":50,"column":32}},"28":{"start":{"line":51,"column":22},"end":{"line":51,"column":69}},"29":{"start":{"line":53,"column":8},"end":{"line":53,"column":87}},"30":{"start":{"line":56,"column":8},"end":{"line":56,"column":26}},"31":{"start":{"line":57,"column":8},"end":{"line":57,"column":19}}},"fnMap":{"0":{"name":"(anonymous_0)","decl":{"start":{"line":5,"column":17},"end":{"line":5,"column":18}},"loc":{"start":{"line":5,"column":43},"end":{"line":16,"column":1}},"line":5},"1":{"name":"(anonymous_1)","decl":{"start":{"line":18,"column":14},"end":{"line":18,"column":15}},"loc":{"start":{"line":18,"column":40},"end":{"line":32,"column":1}},"line":18},"2":{"name":"(anonymous_2)","decl":{"start":{"line":35,"column":21},"end":{"line":35,"column":22}},"loc":{"start":{"line":35,"column":47},"end":{"line":44,"column":1}},"line":35},"3":{"name":"(anonymous_3)","decl":{"start":{"line":46,"column":15},"end":{"line":46,"column":16}},"loc":{"start":{"line":46,"column":41},"end":{"line":59,"column":1}},"line":46}},"branchMap":{},"s":{"0":14,"1":5,"2":5,"3":2,"4":2,"5":2,"6":3,"7":14,"8":5,"9":5,"10":2,"11":2,"12":2,"13":2,"14":2,"15":2,"16":3,"17":14,"18":2,"19":2,"20":1,"21":1,"22":1,"23":14,"24":1,"25":1,"26":1,"27":1,"28":1,"29":1,"30":0,"31":0},"f":{"0":5,"1":5,"2":2,"3":1},"b":{},"inputSourceMap":null,"_coverageSchema":"1a1c01bbd47fc00a2c39e90264f33305004495a9","hash":"f43151e55707043b8e59128c333fb99cee7a78fe"}
,"C:\\Users\\jjose\\Documents\\proyectos\\TFG\\foro-sist-gam\\server\\controllers\\Category.controllers.js": {"path":"C:\\Users\\jjose\\Documents\\proyectos\\TFG\\foro-sist-gam\\server\\controllers\\Category.controllers.js","statementMap":{"0":{"start":{"line":3,"column":22},"end":{"line":11,"column":1}},"1":{"start":{"line":4,"column":4},"end":{"line":10,"column":5}},"2":{"start":{"line":5,"column":21},"end":{"line":5,"column":58}},"3":{"start":{"line":7,"column":8},"end":{"line":7,"column":45}},"4":{"start":{"line":9,"column":8},"end":{"line":9,"column":19}},"5":{"start":{"line":13,"column":23},"end":{"line":26,"column":1}},"6":{"start":{"line":14,"column":4},"end":{"line":25,"column":5}},"7":{"start":{"line":15,"column":25},"end":{"line":15,"column":85}},"8":{"start":{"line":17,"column":8},"end":{"line":17,"column":29}},"9":{"start":{"line":18,"column":8},"end":{"line":21,"column":10}},"10":{"start":{"line":24,"column":8},"end":{"line":24,"column":19}},"11":{"start":{"line":28,"column":23},"end":{"line":37,"column":1}},"12":{"start":{"line":29,"column":4},"end":{"line":36,"column":5}},"13":{"start":{"line":30,"column":27},"end":{"line":30,"column":48}},"14":{"start":{"line":31,"column":8},"end":{"line":31,"column":57}},"15":{"start":{"line":32,"column":8},"end":{"line":32,"column":79}},"16":{"start":{"line":35,"column":8},"end":{"line":35,"column":19}},"17":{"start":{"line":39,"column":20},"end":{"line":46,"column":1}},"18":{"start":{"line":40,"column":4},"end":{"line":45,"column":5}},"19":{"start":{"line":41,"column":23},"end":{"line":41,"column":79}},"20":{"start":{"line":42,"column":8},"end":{"line":42,"column":47}},"21":{"start":{"line":44,"column":8},"end":{"line":44,"column":19}}},"fnMap":{"0":{"name":"(anonymous_0)","decl":{"start":{"line":3,"column":22},"end":{"line":3,"column":23}},"loc":{"start":{"line":3,"column":45},"end":{"line":11,"column":1}},"line":3},"1":{"name":"(anonymous_1)","decl":{"start":{"line":13,"column":23},"end":{"line":13,"column":24}},"loc":{"start":{"line":13,"column":49},"end":{"line":26,"column":1}},"line":13},"2":{"name":"(anonymous_2)","decl":{"start":{"line":28,"column":23},"end":{"line":28,"column":24}},"loc":{"start":{"line":28,"column":47},"end":{"line":37,"column":1}},"line":28},"3":{"name":"(anonymous_3)","decl":{"start":{"line":39,"column":20},"end":{"line":39,"column":21}},"loc":{"start":{"line":39,"column":44},"end":{"line":46,"column":1}},"line":39}},"branchMap":{},"s":{"0":14,"1":1,"2":1,"3":1,"4":0,"5":14,"6":2,"7":2,"8":1,"9":1,"10":1,"11":14,"12":2,"13":2,"14":2,"15":1,"16":1,"17":14,"18":2,"19":2,"20":1,"21":1},"f":{"0":1,"1":2,"2":2,"3":2},"b":{},"inputSourceMap":null,"_coverageSchema":"1a1c01bbd47fc00a2c39e90264f33305004495a9","hash":"f0eee39b5cb4644668a94c03cedab50eeadd3be8"}
,"C:\\Users\\jjose\\Documents\\proyectos\\TFG\\foro-sist-gam\\server\\controllers\\Game.controllers.js": {"path":"C:\\Users\\jjose\\Documents\\proyectos\\TFG\\foro-sist-gam\\server\\controllers\\Game.controllers.js","statementMap":{"0":{"start":{"line":4,"column":20},"end":{"line":16,"column":1}},"1":{"start":{"line":5,"column":17},"end":{"line":5,"column":19}},"2":{"start":{"line":6,"column":4},"end":{"line":8,"column":5}},"3":{"start":{"line":7,"column":8},"end":{"line":7,"column":33}},"4":{"start":{"line":9,"column":4},"end":{"line":11,"column":5}},"5":{"start":{"line":10,"column":8},"end":{"line":10,"column":35}},"6":{"start":{"line":13,"column":4},"end":{"line":15,"column":5}},"7":{"start":{"line":14,"column":28},"end":{"line":14,"column":49}},"8":{"start":{"line":18,"column":19},"end":{"line":35,"column":1}},"9":{"start":{"line":19,"column":4},"end":{"line":34,"column":5}},"10":{"start":{"line":20,"column":8},"end":{"line":20,"column":47}},"11":{"start":{"line":21,"column":21},"end":{"line":21,"column":70}},"12":{"start":{"line":22,"column":16},"end":{"line":25,"column":10}},"13":{"start":{"line":26,"column":8},"end":{"line":26,"column":68}},"14":{"start":{"line":28,"column":8},"end":{"line":30,"column":28}},"15":{"start":{"line":33,"column":8},"end":{"line":33,"column":19}},"16":{"start":{"line":37,"column":17},"end":{"line":56,"column":1}},"17":{"start":{"line":38,"column":4},"end":{"line":55,"column":5}},"18":{"start":{"line":39,"column":23},"end":{"line":39,"column":40}},"19":{"start":{"line":41,"column":8},"end":{"line":41,"column":47}},"20":{"start":{"line":42,"column":21},"end":{"line":42,"column":74}},"21":{"start":{"line":43,"column":8},"end":{"line":43,"column":68}},"22":{"start":{"line":45,"column":16},"end":{"line":48,"column":10}},"23":{"start":{"line":49,"column":8},"end":{"line":51,"column":27}},"24":{"start":{"line":54,"column":8},"end":{"line":54,"column":19}},"25":{"start":{"line":58,"column":25},"end":{"line":69,"column":1}},"26":{"start":{"line":59,"column":4},"end":{"line":68,"column":5}},"27":{"start":{"line":60,"column":34},"end":{"line":60,"column":44}},"28":{"start":{"line":61,"column":8},"end":{"line":61,"column":28}},"29":{"start":{"line":63,"column":8},"end":{"line":63,"column":58}},"30":{"start":{"line":65,"column":8},"end":{"line":65,"column":66}},"31":{"start":{"line":67,"column":8},"end":{"line":67,"column":19}},"32":{"start":{"line":71,"column":19},"end":{"line":80,"column":1}},"33":{"start":{"line":72,"column":4},"end":{"line":79,"column":5}},"34":{"start":{"line":73,"column":23},"end":{"line":73,"column":40}},"35":{"start":{"line":75,"column":8},"end":{"line":75,"column":44}},"36":{"start":{"line":76,"column":8},"end":{"line":76,"column":79}},"37":{"start":{"line":78,"column":8},"end":{"line":78,"column":19}},"38":{"start":{"line":82,"column":17},"end":{"line":149,"column":1}},"39":{"start":{"line":83,"column":4},"end":{"line":148,"column":5}},"40":{"start":{"line":84,"column":29},"end":{"line":84,"column":71}},"41":{"start":{"line":85,"column":19},"end":{"line":85,"column":50}},"42":{"start":{"line":86,"column":21},"end":{"line":86,"column":37}},"43":{"start":{"line":87,"column":24},"end":{"line":87,"column":43}},"44":{"start":{"line":88,"column":21},"end":{"line":88,"column":37}},"45":{"start":{"line":89,"column":20},"end":{"line":89,"column":35}},"46":{"start":{"line":90,"column":21},"end":{"line":90,"column":37}},"47":{"start":{"line":92,"column":8},"end":{"line":98,"column":9}},"48":{"start":{"line":93,"column":12},"end":{"line":97,"column":13}},"49":{"start":{"line":94,"column":16},"end":{"line":94,"column":48}},"50":{"start":{"line":94,"column":39},"end":{"line":94,"column":47}},"51":{"start":{"line":96,"column":16},"end":{"line":96,"column":38}},"52":{"start":{"line":99,"column":8},"end":{"line":105,"column":9}},"53":{"start":{"line":100,"column":12},"end":{"line":104,"column":13}},"54":{"start":{"line":101,"column":16},"end":{"line":101,"column":54}},"55":{"start":{"line":101,"column":45},"end":{"line":101,"column":53}},"56":{"start":{"line":103,"column":16},"end":{"line":103,"column":44}},"57":{"start":{"line":106,"column":8},"end":{"line":111,"column":9}},"58":{"start":{"line":107,"column":12},"end":{"line":109,"column":13}},"59":{"start":{"line":108,"column":16},"end":{"line":108,"column":34}},"60":{"start":{"line":110,"column":12},"end":{"line":110,"column":34}},"61":{"start":{"line":113,"column":8},"end":{"line":118,"column":9}},"62":{"start":{"line":114,"column":12},"end":{"line":116,"column":13}},"63":{"start":{"line":115,"column":16},"end":{"line":115,"column":32}},"64":{"start":{"line":117,"column":12},"end":{"line":117,"column":32}},"65":{"start":{"line":119,"column":8},"end":{"line":119,"column":19}},"66":{"start":{"line":120,"column":34},"end":{"line":120,"column":88}},"67":{"start":{"line":121,"column":26},"end":{"line":121,"column":83}},"68":{"start":{"line":122,"column":8},"end":{"line":122,"column":45}},"69":{"start":{"line":123,"column":26},"end":{"line":123,"column":51}},"70":{"start":{"line":124,"column":8},"end":{"line":124,"column":41}},"71":{"start":{"line":125,"column":21},"end":{"line":125,"column":52}},"72":{"start":{"line":126,"column":8},"end":{"line":126,"column":52}},"73":{"start":{"line":126,"column":32},"end":{"line":126,"column":51}},"74":{"start":{"line":127,"column":8},"end":{"line":127,"column":53}},"75":{"start":{"line":127,"column":33},"end":{"line":127,"column":52}},"76":{"start":{"line":129,"column":8},"end":{"line":129,"column":31}},"77":{"start":{"line":129,"column":22},"end":{"line":129,"column":30}},"78":{"start":{"line":131,"column":21},"end":{"line":131,"column":101}},"79":{"start":{"line":133,"column":22},"end":{"line":139,"column":10}},"80":{"start":{"line":134,"column":12},"end":{"line":137,"column":13}},"81":{"start":{"line":136,"column":16},"end":{"line":136,"column":118}},"82":{"start":{"line":138,"column":12},"end":{"line":138,"column":24}},"83":{"start":{"line":140,"column":8},"end":{"line":145,"column":11}},"84":{"start":{"line":147,"column":8},"end":{"line":147,"column":19}},"85":{"start":{"line":152,"column":16},"end":{"line":161,"column":1}},"86":{"start":{"line":153,"column":4},"end":{"line":160,"column":5}},"87":{"start":{"line":154,"column":23},"end":{"line":154,"column":40}},"88":{"start":{"line":155,"column":21},"end":{"line":155,"column":54}},"89":{"start":{"line":157,"column":8},"end":{"line":157,"column":45}},"90":{"start":{"line":159,"column":8},"end":{"line":159,"column":19}},"91":{"start":{"line":164,"column":20},"end":{"line":172,"column":1}},"92":{"start":{"line":165,"column":4},"end":{"line":171,"column":5}},"93":{"start":{"line":166,"column":21},"end":{"line":166,"column":37}},"94":{"start":{"line":167,"column":21},"end":{"line":167,"column":58}},"95":{"start":{"line":168,"column":8},"end":{"line":168,"column":45}},"96":{"start":{"line":170,"column":8},"end":{"line":170,"column":19}},"97":{"start":{"line":174,"column":22},"end":{"line":181,"column":1}},"98":{"start":{"line":175,"column":4},"end":{"line":180,"column":5}},"99":{"start":{"line":176,"column":21},"end":{"line":176,"column":54}},"100":{"start":{"line":177,"column":8},"end":{"line":177,"column":44}},"101":{"start":{"line":179,"column":8},"end":{"line":179,"column":19}}},"fnMap":{"0":{"name":"(anonymous_0)","decl":{"start":{"line":4,"column":20},"end":{"line":4,"column":21}},"loc":{"start":{"line":4,"column":54},"end":{"line":16,"column":1}},"line":4},"1":{"name":"(anonymous_1)","decl":{"start":{"line":14,"column":19},"end":{"line":14,"column":20}},"loc":{"start":{"line":14,"column":28},"end":{"line":14,"column":49}},"line":14},"2":{"name":"(anonymous_2)","decl":{"start":{"line":18,"column":19},"end":{"line":18,"column":20}},"loc":{"start":{"line":18,"column":43},"end":{"line":35,"column":1}},"line":18},"3":{"name":"(anonymous_3)","decl":{"start":{"line":37,"column":17},"end":{"line":37,"column":18}},"loc":{"start":{"line":37,"column":41},"end":{"line":56,"column":1}},"line":37},"4":{"name":"(anonymous_4)","decl":{"start":{"line":58,"column":25},"end":{"line":58,"column":26}},"loc":{"start":{"line":58,"column":48},"end":{"line":69,"column":1}},"line":58},"5":{"name":"(anonymous_5)","decl":{"start":{"line":71,"column":19},"end":{"line":71,"column":20}},"loc":{"start":{"line":71,"column":45},"end":{"line":80,"column":1}},"line":71},"6":{"name":"(anonymous_6)","decl":{"start":{"line":82,"column":17},"end":{"line":82,"column":18}},"loc":{"start":{"line":82,"column":40},"end":{"line":149,"column":1}},"line":82},"7":{"name":"(anonymous_7)","decl":{"start":{"line":94,"column":36},"end":{"line":94,"column":37}},"loc":{"start":{"line":94,"column":39},"end":{"line":94,"column":47}},"line":94},"8":{"name":"(anonymous_8)","decl":{"start":{"line":101,"column":42},"end":{"line":101,"column":43}},"loc":{"start":{"line":101,"column":45},"end":{"line":101,"column":53}},"line":101},"9":{"name":"(anonymous_9)","decl":{"start":{"line":133,"column":38},"end":{"line":133,"column":39}},"loc":{"start":{"line":133,"column":46},"end":{"line":139,"column":9}},"line":133},"10":{"name":"(anonymous_10)","decl":{"start":{"line":152,"column":16},"end":{"line":152,"column":17}},"loc":{"start":{"line":152,"column":39},"end":{"line":161,"column":1}},"line":152},"11":{"name":"(anonymous_11)","decl":{"start":{"line":164,"column":20},"end":{"line":164,"column":21}},"loc":{"start":{"line":164,"column":44},"end":{"line":172,"column":1}},"line":164},"12":{"name":"(anonymous_12)","decl":{"start":{"line":174,"column":22},"end":{"line":174,"column":23}},"loc":{"start":{"line":174,"column":46},"end":{"line":181,"column":1}},"line":174}},"branchMap":{"0":{"loc":{"start":{"line":6,"column":4},"end":{"line":8,"column":5}},"type":"if","locations":[{"start":{"line":6,"column":4},"end":{"line":8,"column":5}},{"start":{},"end":{}}],"line":6},"1":{"loc":{"start":{"line":9,"column":4},"end":{"line":11,"column":5}},"type":"if","locations":[{"start":{"line":9,"column":4},"end":{"line":11,"column":5}},{"start":{},"end":{}}],"line":9},"2":{"loc":{"start":{"line":84,"column":29},"end":{"line":84,"column":71}},"type":"binary-expr","locations":[{"start":{"line":84,"column":29},"end":{"line":84,"column":65}},{"start":{"line":84,"column":69},"end":{"line":84,"column":71}}],"line":84},"3":{"loc":{"start":{"line":85,"column":19},"end":{"line":85,"column":50}},"type":"binary-expr","locations":[{"start":{"line":85,"column":19},"end":{"line":85,"column":45}},{"start":{"line":85,"column":49},"end":{"line":85,"column":50}}],"line":85},"4":{"loc":{"start":{"line":92,"column":8},"end":{"line":98,"column":9}},"type":"if","locations":[{"start":{"line":92,"column":8},"end":{"line":98,"column":9}},{"start":{},"end":{}}],"line":92},"5":{"loc":{"start":{"line":93,"column":12},"end":{"line":97,"column":13}},"type":"if","locations":[{"start":{"line":93,"column":12},"end":{"line":97,"column":13}},{"start":{"line":95,"column":17},"end":{"line":97,"column":13}}],"line":93},"6":{"loc":{"start":{"line":99,"column":8},"end":{"line":105,"column":9}},"type":"if","locations":[{"start":{"line":99,"column":8},"end":{"line":105,"column":9}},{"start":{},"end":{}}],"line":99},"7":{"loc":{"start":{"line":100,"column":12},"end":{"line":104,"column":13}},"type":"if","locations":[{"start":{"line":100,"column":12},"end":{"line":104,"column":13}},{"start":{"line":102,"column":17},"end":{"line":104,"column":13}}],"line":100},"8":{"loc":{"start":{"line":106,"column":8},"end":{"line":111,"column":9}},"type":"if","locations":[{"start":{"line":106,"column":8},"end":{"line":111,"column":9}},{"start":{},"end":{}}],"line":106},"9":{"loc":{"start":{"line":107,"column":12},"end":{"line":109,"column":13}},"type":"if","locations":[{"start":{"line":107,"column":12},"end":{"line":109,"column":13}},{"start":{},"end":{}}],"line":107},"10":{"loc":{"start":{"line":113,"column":8},"end":{"line":118,"column":9}},"type":"if","locations":[{"start":{"line":113,"column":8},"end":{"line":118,"column":9}},{"start":{},"end":{}}],"line":113},"11":{"loc":{"start":{"line":114,"column":12},"end":{"line":116,"column":13}},"type":"if","locations":[{"start":{"line":114,"column":12},"end":{"line":116,"column":13}},{"start":{},"end":{}}],"line":114},"12":{"loc":{"start":{"line":121,"column":26},"end":{"line":121,"column":83}},"type":"cond-expr","locations":[{"start":{"line":121,"column":63},"end":{"line":121,"column":69}},{"start":{"line":121,"column":72},"end":{"line":121,"column":83}}],"line":121},"13":{"loc":{"start":{"line":123,"column":26},"end":{"line":123,"column":51}},"type":"cond-expr","locations":[{"start":{"line":123,"column":45},"end":{"line":123,"column":47}},{"start":{"line":123,"column":50},"end":{"line":123,"column":51}}],"line":123},"14":{"loc":{"start":{"line":126,"column":8},"end":{"line":126,"column":52}},"type":"if","locations":[{"start":{"line":126,"column":8},"end":{"line":126,"column":52}},{"start":{},"end":{}}],"line":126},"15":{"loc":{"start":{"line":127,"column":8},"end":{"line":127,"column":53}},"type":"if","locations":[{"start":{"line":127,"column":8},"end":{"line":127,"column":53}},{"start":{},"end":{}}],"line":127},"16":{"loc":{"start":{"line":129,"column":8},"end":{"line":129,"column":31}},"type":"if","locations":[{"start":{"line":129,"column":8},"end":{"line":129,"column":31}},{"start":{},"end":{}}],"line":129}},"s":{"0":14,"1":2,"2":2,"3":2,"4":2,"5":2,"6":2,"7":7,"8":14,"9":2,"10":2,"11":2,"12":1,"13":1,"14":1,"15":1,"16":14,"17":4,"18":4,"19":4,"20":4,"21":1,"22":1,"23":1,"24":3,"25":14,"26":3,"27":3,"28":3,"29":3,"30":1,"31":2,"32":14,"33":2,"34":2,"35":2,"36":1,"37":1,"38":14,"39":2,"40":2,"41":2,"42":2,"43":2,"44":2,"45":2,"46":2,"47":2,"48":1,"49":0,"50":0,"51":1,"52":2,"53":1,"54":0,"55":0,"56":1,"57":2,"58":0,"59":0,"60":0,"61":2,"62":0,"63":0,"64":0,"65":2,"66":2,"67":2,"68":2,"69":2,"70":2,"71":2,"72":2,"73":0,"74":2,"75":0,"76":2,"77":0,"78":2,"79":2,"80":1,"81":6,"82":1,"83":2,"84":0,"85":14,"86":2,"87":2,"88":2,"89":1,"90":1,"91":14,"92":1,"93":1,"94":1,"95":1,"96":0,"97":14,"98":1,"99":1,"100":1,"101":0},"f":{"0":2,"1":7,"2":2,"3":4,"4":3,"5":2,"6":2,"7":0,"8":0,"9":1,"10":2,"11":1,"12":1},"b":{"0":[2,0],"1":[2,0],"2":[2,2],"3":[2,2],"4":[1,1],"5":[0,1],"6":[1,1],"7":[0,1],"8":[0,2],"9":[0,0],"10":[0,2],"11":[0,0],"12":[0,2],"13":[0,2],"14":[0,2],"15":[0,2],"16":[0,2]},"inputSourceMap":null,"_coverageSchema":"1a1c01bbd47fc00a2c39e90264f33305004495a9","hash":"44239c6be38444612196d73a55ce1d261784ed80"}
,"C:\\Users\\jjose\\Documents\\proyectos\\TFG\\foro-sist-gam\\server\\controllers\\Genre.controllers.js": {"path":"C:\\Users\\jjose\\Documents\\proyectos\\TFG\\foro-sist-gam\\server\\controllers\\Genre.controllers.js","statementMap":{"0":{"start":{"line":4,"column":18},"end":{"line":12,"column":1}},"1":{"start":{"line":5,"column":4},"end":{"line":11,"column":9}},"2":{"start":{"line":6,"column":25},"end":{"line":6,"column":55}},"3":{"start":{"line":8,"column":12},"end":{"line":8,"column":49}},"4":{"start":{"line":10,"column":12},"end":{"line":10,"column":23}},"5":{"start":{"line":14,"column":20},"end":{"line":24,"column":1}},"6":{"start":{"line":15,"column":4},"end":{"line":23,"column":5}},"7":{"start":{"line":16,"column":22},"end":{"line":16,"column":62}},"8":{"start":{"line":18,"column":8},"end":{"line":20,"column":33}},"9":{"start":{"line":22,"column":8},"end":{"line":22,"column":19}},"10":{"start":{"line":26,"column":20},"end":{"line":35,"column":1}},"11":{"start":{"line":27,"column":4},"end":{"line":34,"column":5}},"12":{"start":{"line":28,"column":24},"end":{"line":28,"column":42}},"13":{"start":{"line":30,"column":8},"end":{"line":30,"column":47}},"14":{"start":{"line":31,"column":8},"end":{"line":31,"column":76}},"15":{"start":{"line":33,"column":8},"end":{"line":33,"column":19}}},"fnMap":{"0":{"name":"(anonymous_0)","decl":{"start":{"line":4,"column":18},"end":{"line":4,"column":19}},"loc":{"start":{"line":4,"column":44},"end":{"line":12,"column":1}},"line":4},"1":{"name":"(anonymous_1)","decl":{"start":{"line":14,"column":20},"end":{"line":14,"column":21}},"loc":{"start":{"line":14,"column":44},"end":{"line":24,"column":1}},"line":14},"2":{"name":"(anonymous_2)","decl":{"start":{"line":26,"column":20},"end":{"line":26,"column":21}},"loc":{"start":{"line":26,"column":44},"end":{"line":35,"column":1}},"line":26}},"branchMap":{},"s":{"0":14,"1":1,"2":1,"3":1,"4":0,"5":14,"6":2,"7":2,"8":1,"9":1,"10":14,"11":2,"12":2,"13":2,"14":1,"15":1},"f":{"0":1,"1":2,"2":2},"b":{},"inputSourceMap":null,"_coverageSchema":"1a1c01bbd47fc00a2c39e90264f33305004495a9","hash":"ef055517f73df427a04813bf48512efde1ab842a"}
,"C:\\Users\\jjose\\Documents\\proyectos\\TFG\\foro-sist-gam\\server\\controllers\\Platform.controllers.js": {"path":"C:\\Users\\jjose\\Documents\\proyectos\\TFG\\foro-sist-gam\\server\\controllers\\Platform.controllers.js","statementMap":{"0":{"start":{"line":4,"column":21},"end":{"line":12,"column":1}},"1":{"start":{"line":5,"column":4},"end":{"line":11,"column":5}},"2":{"start":{"line":6,"column":21},"end":{"line":6,"column":57}},"3":{"start":{"line":8,"column":8},"end":{"line":8,"column":45}},"4":{"start":{"line":10,"column":8},"end":{"line":10,"column":19}},"5":{"start":{"line":14,"column":23},"end":{"line":24,"column":1}},"6":{"start":{"line":15,"column":4},"end":{"line":23,"column":5}},"7":{"start":{"line":16,"column":25},"end":{"line":16,"column":71}},"8":{"start":{"line":18,"column":8},"end":{"line":20,"column":39}},"9":{"start":{"line":22,"column":8},"end":{"line":22,"column":19}},"10":{"start":{"line":26,"column":23},"end":{"line":34,"column":1}},"11":{"start":{"line":27,"column":4},"end":{"line":33,"column":5}},"12":{"start":{"line":28,"column":27},"end":{"line":28,"column":48}},"13":{"start":{"line":29,"column":8},"end":{"line":29,"column":56}},"14":{"start":{"line":30,"column":8},"end":{"line":30,"column":80}},"15":{"start":{"line":32,"column":8},"end":{"line":32,"column":19}}},"fnMap":{"0":{"name":"(anonymous_0)","decl":{"start":{"line":4,"column":21},"end":{"line":4,"column":22}},"loc":{"start":{"line":4,"column":44},"end":{"line":12,"column":1}},"line":4},"1":{"name":"(anonymous_1)","decl":{"start":{"line":14,"column":23},"end":{"line":14,"column":24}},"loc":{"start":{"line":14,"column":47},"end":{"line":24,"column":1}},"line":14},"2":{"name":"(anonymous_2)","decl":{"start":{"line":26,"column":23},"end":{"line":26,"column":24}},"loc":{"start":{"line":26,"column":47},"end":{"line":34,"column":1}},"line":26}},"branchMap":{},"s":{"0":14,"1":1,"2":1,"3":1,"4":0,"5":14,"6":2,"7":2,"8":1,"9":1,"10":14,"11":2,"12":2,"13":2,"14":1,"15":1},"f":{"0":1,"1":2,"2":2},"b":{},"inputSourceMap":null,"_coverageSchema":"1a1c01bbd47fc00a2c39e90264f33305004495a9","hash":"9105149b546a0267bb072233089c32e02db12807"}
,"C:\\Users\\jjose\\Documents\\proyectos\\TFG\\foro-sist-gam\\server\\controllers\\Post.controllers.js": {"path":"C:\\Users\\jjose\\Documents\\proyectos\\TFG\\foro-sist-gam\\server\\controllers\\Post.controllers.js","statementMap":{"0":{"start":{"line":3,"column":17},"end":{"line":15,"column":1}},"1":{"start":{"line":4,"column":4},"end":{"line":14,"column":5}},"2":{"start":{"line":5,"column":23},"end":{"line":5,"column":40}},"3":{"start":{"line":6,"column":21},"end":{"line":6,"column":36}},"4":{"start":{"line":7,"column":20},"end":{"line":7,"column":27}},"5":{"start":{"line":9,"column":8},"end":{"line":9,"column":52}},"6":{"start":{"line":11,"column":8},"end":{"line":11,"column":73}},"7":{"start":{"line":13,"column":8},"end":{"line":13,"column":19}},"8":{"start":{"line":17,"column":21},"end":{"line":27,"column":1}},"9":{"start":{"line":18,"column":4},"end":{"line":26,"column":5}},"10":{"start":{"line":19,"column":23},"end":{"line":19,"column":40}},"11":{"start":{"line":20,"column":20},"end":{"line":20,"column":27}},"12":{"start":{"line":21,"column":23},"end":{"line":21,"column":38}},"13":{"start":{"line":22,"column":8},"end":{"line":22,"column":59}},"14":{"start":{"line":23,"column":8},"end":{"line":23,"column":74}},"15":{"start":{"line":25,"column":8},"end":{"line":25,"column":19}},"16":{"start":{"line":29,"column":35},"end":{"line":39,"column":1}},"17":{"start":{"line":30,"column":4},"end":{"line":38,"column":5}},"18":{"start":{"line":31,"column":19},"end":{"line":31,"column":33}},"19":{"start":{"line":32,"column":8},"end":{"line":32,"column":25}},"20":{"start":{"line":33,"column":21},"end":{"line":33,"column":71}},"21":{"start":{"line":35,"column":8},"end":{"line":35,"column":45}},"22":{"start":{"line":37,"column":8},"end":{"line":37,"column":19}}},"fnMap":{"0":{"name":"(anonymous_0)","decl":{"start":{"line":3,"column":17},"end":{"line":3,"column":18}},"loc":{"start":{"line":3,"column":41},"end":{"line":15,"column":1}},"line":3},"1":{"name":"(anonymous_1)","decl":{"start":{"line":17,"column":21},"end":{"line":17,"column":22}},"loc":{"start":{"line":17,"column":45},"end":{"line":27,"column":1}},"line":17},"2":{"name":"(anonymous_2)","decl":{"start":{"line":29,"column":35},"end":{"line":29,"column":36}},"loc":{"start":{"line":29,"column":59},"end":{"line":39,"column":1}},"line":29}},"branchMap":{},"s":{"0":14,"1":5,"2":5,"3":5,"4":5,"5":5,"6":4,"7":1,"8":14,"9":2,"10":2,"11":2,"12":2,"13":2,"14":1,"15":1,"16":14,"17":1,"18":1,"19":1,"20":1,"21":1,"22":0},"f":{"0":5,"1":2,"2":1},"b":{},"inputSourceMap":null,"_coverageSchema":"1a1c01bbd47fc00a2c39e90264f33305004495a9","hash":"c8afec7c94f08ba36a20cd657ea4288f2227c009"}
,"C:\\Users\\jjose\\Documents\\proyectos\\TFG\\foro-sist-gam\\server\\controllers\\Question.controllers.js": {"path":"C:\\Users\\jjose\\Documents\\proyectos\\TFG\\foro-sist-gam\\server\\controllers\\Question.controllers.js","statementMap":{"0":{"start":{"line":4,"column":21},"end":{"line":14,"column":1}},"1":{"start":{"line":5,"column":4},"end":{"line":13,"column":5}},"2":{"start":{"line":8,"column":21},"end":{"line":8,"column":57}},"3":{"start":{"line":10,"column":8},"end":{"line":10,"column":45}},"4":{"start":{"line":12,"column":8},"end":{"line":12,"column":19}},"5":{"start":{"line":17,"column":21},"end":{"line":17,"column":33}},"6":{"start":{"line":20,"column":2},"end":{"line":29,"column":3}},"7":{"start":{"line":23,"column":22},"end":{"line":23,"column":62}},"8":{"start":{"line":24,"column":4},"end":{"line":24,"column":19}},"9":{"start":{"line":27,"column":4},"end":{"line":28,"column":47}},"10":{"start":{"line":32,"column":20},"end":{"line":52,"column":1}},"11":{"start":{"line":33,"column":4},"end":{"line":51,"column":5}},"12":{"start":{"line":34,"column":23},"end":{"line":34,"column":79}},"13":{"start":{"line":36,"column":8},"end":{"line":48,"column":9}},"14":{"start":{"line":37,"column":12},"end":{"line":37,"column":51}},"15":{"start":{"line":39,"column":33},"end":{"line":39,"column":52}},"16":{"start":{"line":41,"column":61},"end":{"line":41,"column":75}},"17":{"start":{"line":43,"column":34},"end":{"line":43,"column":58}},"18":{"start":{"line":44,"column":12},"end":{"line":44,"column":36}},"19":{"start":{"line":45,"column":12},"end":{"line":45,"column":63}},"20":{"start":{"line":47,"column":12},"end":{"line":47,"column":59}},"21":{"start":{"line":50,"column":8},"end":{"line":50,"column":19}},"22":{"start":{"line":54,"column":23},"end":{"line":75,"column":1}},"23":{"start":{"line":55,"column":4},"end":{"line":74,"column":5}},"24":{"start":{"line":56,"column":21},"end":{"line":62,"column":9}},"25":{"start":{"line":65,"column":23},"end":{"line":65,"column":79}},"26":{"start":{"line":66,"column":16},"end":{"line":66,"column":74}},"27":{"start":{"line":68,"column":8},"end":{"line":71,"column":10}},"28":{"start":{"line":73,"column":8},"end":{"line":73,"column":19}},"29":{"start":{"line":77,"column":21},"end":{"line":95,"column":1}},"30":{"start":{"line":78,"column":4},"end":{"line":94,"column":5}},"31":{"start":{"line":79,"column":27},"end":{"line":79,"column":48}},"32":{"start":{"line":80,"column":21},"end":{"line":86,"column":9}},"33":{"start":{"line":87,"column":23},"end":{"line":87,"column":89}},"34":{"start":{"line":88,"column":16},"end":{"line":88,"column":74}},"35":{"start":{"line":89,"column":8},"end":{"line":91,"column":31}},"36":{"start":{"line":93,"column":8},"end":{"line":93,"column":19}},"37":{"start":{"line":97,"column":23},"end":{"line":104,"column":1}},"38":{"start":{"line":98,"column":4},"end":{"line":103,"column":5}},"39":{"start":{"line":99,"column":8},"end":{"line":99,"column":68}},"40":{"start":{"line":100,"column":8},"end":{"line":100,"column":74}},"41":{"start":{"line":102,"column":8},"end":{"line":102,"column":19}}},"fnMap":{"0":{"name":"(anonymous_0)","decl":{"start":{"line":4,"column":21},"end":{"line":4,"column":22}},"loc":{"start":{"line":4,"column":45},"end":{"line":14,"column":1}},"line":4},"1":{"name":"shuffle","decl":{"start":{"line":16,"column":9},"end":{"line":16,"column":16}},"loc":{"start":{"line":16,"column":24},"end":{"line":30,"column":1}},"line":16},"2":{"name":"(anonymous_2)","decl":{"start":{"line":32,"column":20},"end":{"line":32,"column":21}},"loc":{"start":{"line":32,"column":43},"end":{"line":52,"column":1}},"line":32},"3":{"name":"(anonymous_3)","decl":{"start":{"line":54,"column":23},"end":{"line":54,"column":24}},"loc":{"start":{"line":54,"column":47},"end":{"line":75,"column":1}},"line":54},"4":{"name":"(anonymous_4)","decl":{"start":{"line":77,"column":21},"end":{"line":77,"column":22}},"loc":{"start":{"line":77,"column":45},"end":{"line":95,"column":1}},"line":77},"5":{"name":"(anonymous_5)","decl":{"start":{"line":97,"column":23},"end":{"line":97,"column":24}},"loc":{"start":{"line":97,"column":47},"end":{"line":104,"column":1}},"line":97}},"branchMap":{"0":{"loc":{"start":{"line":36,"column":8},"end":{"line":48,"column":9}},"type":"if","locations":[{"start":{"line":36,"column":8},"end":{"line":48,"column":9}},{"start":{"line":38,"column":13},"end":{"line":48,"column":9}}],"line":36}},"s":{"0":14,"1":1,"2":1,"3":1,"4":0,"5":0,"6":0,"7":0,"8":0,"9":0,"10":14,"11":2,"12":2,"13":1,"14":1,"15":0,"16":0,"17":0,"18":0,"19":0,"20":0,"21":1,"22":14,"23":1,"24":1,"25":1,"26":1,"27":1,"28":0,"29":14,"30":2,"31":2,"32":2,"33":2,"34":1,"35":1,"36":1,"37":14,"38":2,"39":2,"40":1,"41":1},"f":{"0":1,"1":0,"2":2,"3":1,"4":2,"5":2},"b":{"0":[1,0]},"inputSourceMap":null,"_coverageSchema":"1a1c01bbd47fc00a2c39e90264f33305004495a9","hash":"d43d44ae6d6bf92096a5b87b09f4e56a2a468514"}
,"C:\\Users\\jjose\\Documents\\proyectos\\TFG\\foro-sist-gam\\server\\controllers\\Quiz.controllers.js": {"path":"C:\\Users\\jjose\\Documents\\proyectos\\TFG\\foro-sist-gam\\server\\controllers\\Quiz.controllers.js","statementMap":{"0":{"start":{"line":3,"column":19},"end":{"line":32,"column":1}},"1":{"start":{"line":4,"column":4},"end":{"line":31,"column":5}},"2":{"start":{"line":13,"column":21},"end":{"line":22,"column":9}},"3":{"start":{"line":23,"column":19},"end":{"line":23,"column":67}},"4":{"start":{"line":24,"column":16},"end":{"line":24,"column":70}},"5":{"start":{"line":25,"column":8},"end":{"line":28,"column":11}},"6":{"start":{"line":30,"column":8},"end":{"line":30,"column":20}},"7":{"start":{"line":34,"column":19},"end":{"line":48,"column":1}},"8":{"start":{"line":35,"column":4},"end":{"line":47,"column":5}},"9":{"start":{"line":36,"column":19},"end":{"line":36,"column":50}},"10":{"start":{"line":37,"column":20},"end":{"line":37,"column":35}},"11":{"start":{"line":38,"column":8},"end":{"line":38,"column":31}},"12":{"start":{"line":38,"column":22},"end":{"line":38,"column":30}},"13":{"start":{"line":39,"column":26},"end":{"line":39,"column":49}},"14":{"start":{"line":40,"column":21},"end":{"line":40,"column":60}},"15":{"start":{"line":42,"column":21},"end":{"line":42,"column":61}},"16":{"start":{"line":44,"column":8},"end":{"line":44,"column":44}},"17":{"start":{"line":46,"column":8},"end":{"line":46,"column":19}},"18":{"start":{"line":50,"column":24},"end":{"line":57,"column":1}},"19":{"start":{"line":51,"column":4},"end":{"line":56,"column":5}},"20":{"start":{"line":52,"column":21},"end":{"line":52,"column":56}},"21":{"start":{"line":53,"column":8},"end":{"line":53,"column":44}},"22":{"start":{"line":55,"column":8},"end":{"line":55,"column":19}},"23":{"start":{"line":59,"column":17},"end":{"line":81,"column":1}},"24":{"start":{"line":60,"column":4},"end":{"line":80,"column":5}},"25":{"start":{"line":71,"column":19},"end":{"line":71,"column":88}},"26":{"start":{"line":72,"column":16},"end":{"line":72,"column":70}},"27":{"start":{"line":74,"column":8},"end":{"line":77,"column":9}},"28":{"start":{"line":79,"column":8},"end":{"line":79,"column":19}},"29":{"start":{"line":83,"column":19},"end":{"line":90,"column":1}},"30":{"start":{"line":84,"column":4},"end":{"line":89,"column":5}},"31":{"start":{"line":85,"column":8},"end":{"line":85,"column":56}},"32":{"start":{"line":86,"column":8},"end":{"line":86,"column":72}},"33":{"start":{"line":88,"column":8},"end":{"line":88,"column":19}},"34":{"start":{"line":92,"column":22},"end":{"line":99,"column":1}},"35":{"start":{"line":93,"column":4},"end":{"line":98,"column":5}},"36":{"start":{"line":94,"column":25},"end":{"line":94,"column":58}},"37":{"start":{"line":95,"column":8},"end":{"line":95,"column":63}},"38":{"start":{"line":97,"column":8},"end":{"line":97,"column":19}}},"fnMap":{"0":{"name":"(anonymous_0)","decl":{"start":{"line":3,"column":19},"end":{"line":3,"column":20}},"loc":{"start":{"line":3,"column":42},"end":{"line":32,"column":1}},"line":3},"1":{"name":"(anonymous_1)","decl":{"start":{"line":34,"column":19},"end":{"line":34,"column":20}},"loc":{"start":{"line":34,"column":43},"end":{"line":48,"column":1}},"line":34},"2":{"name":"(anonymous_2)","decl":{"start":{"line":50,"column":24},"end":{"line":50,"column":25}},"loc":{"start":{"line":50,"column":48},"end":{"line":57,"column":1}},"line":50},"3":{"name":"(anonymous_3)","decl":{"start":{"line":59,"column":17},"end":{"line":59,"column":18}},"loc":{"start":{"line":59,"column":41},"end":{"line":81,"column":1}},"line":59},"4":{"name":"(anonymous_4)","decl":{"start":{"line":83,"column":19},"end":{"line":83,"column":20}},"loc":{"start":{"line":83,"column":42},"end":{"line":90,"column":1}},"line":83},"5":{"name":"(anonymous_5)","decl":{"start":{"line":92,"column":22},"end":{"line":92,"column":23}},"loc":{"start":{"line":92,"column":46},"end":{"line":99,"column":1}},"line":92}},"branchMap":{"0":{"loc":{"start":{"line":36,"column":19},"end":{"line":36,"column":50}},"type":"binary-expr","locations":[{"start":{"line":36,"column":19},"end":{"line":36,"column":45}},{"start":{"line":36,"column":49},"end":{"line":36,"column":50}}],"line":36},"1":{"loc":{"start":{"line":38,"column":8},"end":{"line":38,"column":31}},"type":"if","locations":[{"start":{"line":38,"column":8},"end":{"line":38,"column":31}},{"start":{},"end":{}}],"line":38},"2":{"loc":{"start":{"line":39,"column":26},"end":{"line":39,"column":49}},"type":"cond-expr","locations":[{"start":{"line":39,"column":44},"end":{"line":39,"column":45}},{"start":{"line":39,"column":47},"end":{"line":39,"column":49}}],"line":39}},"s":{"0":14,"1":2,"2":2,"3":2,"4":1,"5":1,"6":1,"7":14,"8":2,"9":2,"10":2,"11":2,"12":0,"13":2,"14":2,"15":2,"16":2,"17":0,"18":14,"19":1,"20":1,"21":1,"22":0,"23":14,"24":2,"25":2,"26":1,"27":1,"28":1,"29":14,"30":2,"31":2,"32":1,"33":1,"34":14,"35":1,"36":1,"37":1,"38":0},"f":{"0":2,"1":2,"2":1,"3":2,"4":2,"5":1},"b":{"0":[2,2],"1":[0,2],"2":[0,2]},"inputSourceMap":null,"_coverageSchema":"1a1c01bbd47fc00a2c39e90264f33305004495a9","hash":"8ea1640f70057410158a7896091dd23dec0d6f0a"}
,"C:\\Users\\jjose\\Documents\\proyectos\\TFG\\foro-sist-gam\\server\\controllers\\QuizSession.controllers.js": {"path":"C:\\Users\\jjose\\Documents\\proyectos\\TFG\\foro-sist-gam\\server\\controllers\\QuizSession.controllers.js","statementMap":{"0":{"start":{"line":3,"column":22},"end":{"line":20,"column":1}},"1":{"start":{"line":4,"column":4},"end":{"line":19,"column":5}},"2":{"start":{"line":5,"column":23},"end":{"line":5,"column":40}},"3":{"start":{"line":7,"column":22},"end":{"line":7,"column":76}},"4":{"start":{"line":9,"column":8},"end":{"line":16,"column":10}},"5":{"start":{"line":18,"column":8},"end":{"line":18,"column":19}},"6":{"start":{"line":22,"column":23},"end":{"line":45,"column":1}},"7":{"start":{"line":23,"column":4},"end":{"line":44,"column":5}},"8":{"start":{"line":24,"column":26},"end":{"line":24,"column":46}},"9":{"start":{"line":25,"column":8},"end":{"line":25,"column":30}},"10":{"start":{"line":26,"column":22},"end":{"line":26,"column":89}},"11":{"start":{"line":27,"column":8},"end":{"line":27,"column":28}},"12":{"start":{"line":28,"column":8},"end":{"line":34,"column":9}},"13":{"start":{"line":29,"column":12},"end":{"line":33,"column":14}},"14":{"start":{"line":35,"column":8},"end":{"line":41,"column":10}},"15":{"start":{"line":43,"column":8},"end":{"line":43,"column":19}},"16":{"start":{"line":47,"column":19},"end":{"line":62,"column":1}},"17":{"start":{"line":48,"column":4},"end":{"line":61,"column":5}},"18":{"start":{"line":49,"column":8},"end":{"line":49,"column":31}},"19":{"start":{"line":50,"column":24},"end":{"line":50,"column":90}},"20":{"start":{"line":51,"column":8},"end":{"line":58,"column":10}},"21":{"start":{"line":60,"column":8},"end":{"line":60,"column":19}},"22":{"start":{"line":64,"column":19},"end":{"line":71,"column":1}},"23":{"start":{"line":65,"column":4},"end":{"line":70,"column":5}},"24":{"start":{"line":66,"column":8},"end":{"line":66,"column":74}},"25":{"start":{"line":67,"column":8},"end":{"line":67,"column":63}},"26":{"start":{"line":69,"column":8},"end":{"line":69,"column":19}}},"fnMap":{"0":{"name":"(anonymous_0)","decl":{"start":{"line":3,"column":22},"end":{"line":3,"column":23}},"loc":{"start":{"line":3,"column":48},"end":{"line":20,"column":1}},"line":3},"1":{"name":"(anonymous_1)","decl":{"start":{"line":22,"column":23},"end":{"line":22,"column":24}},"loc":{"start":{"line":22,"column":47},"end":{"line":45,"column":1}},"line":22},"2":{"name":"(anonymous_2)","decl":{"start":{"line":47,"column":19},"end":{"line":47,"column":20}},"loc":{"start":{"line":47,"column":43},"end":{"line":62,"column":1}},"line":47},"3":{"name":"(anonymous_3)","decl":{"start":{"line":64,"column":19},"end":{"line":64,"column":20}},"loc":{"start":{"line":64,"column":43},"end":{"line":71,"column":1}},"line":64}},"branchMap":{"0":{"loc":{"start":{"line":28,"column":8},"end":{"line":34,"column":9}},"type":"if","locations":[{"start":{"line":28,"column":8},"end":{"line":34,"column":9}},{"start":{},"end":{}}],"line":28}},"s":{"0":14,"1":1,"2":1,"3":1,"4":1,"5":0,"6":14,"7":0,"8":0,"9":0,"10":0,"11":0,"12":0,"13":0,"14":0,"15":0,"16":14,"17":1,"18":1,"19":1,"20":1,"21":0,"22":14,"23":1,"24":1,"25":1,"26":0},"f":{"0":1,"1":0,"2":1,"3":1},"b":{"0":[0,0]},"inputSourceMap":null,"_coverageSchema":"1a1c01bbd47fc00a2c39e90264f33305004495a9","hash":"0eddd6fb80ca868e859b659619a76dcfa709bd7d"}
,"C:\\Users\\jjose\\Documents\\proyectos\\TFG\\foro-sist-gam\\server\\controllers\\Reply.controllers.js": {"path":"C:\\Users\\jjose\\Documents\\proyectos\\TFG\\foro-sist-gam\\server\\controllers\\Reply.controllers.js","statementMap":{"0":{"start":{"line":4,"column":20},"end":{"line":14,"column":1}},"1":{"start":{"line":5,"column":4},"end":{"line":13,"column":5}},"2":{"start":{"line":6,"column":22},"end":{"line":6,"column":38}},"3":{"start":{"line":7,"column":22},"end":{"line":7,"column":91}},"4":{"start":{"line":9,"column":8},"end":{"line":9,"column":44}},"5":{"start":{"line":12,"column":8},"end":{"line":12,"column":19}},"6":{"start":{"line":16,"column":27},"end":{"line":42,"column":1}},"7":{"start":{"line":17,"column":4},"end":{"line":41,"column":5}},"8":{"start":{"line":18,"column":19},"end":{"line":18,"column":50}},"9":{"start":{"line":19,"column":8},"end":{"line":19,"column":31}},"10":{"start":{"line":19,"column":22},"end":{"line":19,"column":30}},"11":{"start":{"line":21,"column":22},"end":{"line":21,"column":86}},"12":{"start":{"line":23,"column":22},"end":{"line":23,"column":54}},"13":{"start":{"line":25,"column":23},"end":{"line":33,"column":10}},"14":{"start":{"line":26,"column":22},"end":{"line":26,"column":38}},"15":{"start":{"line":28,"column":12},"end":{"line":30,"column":13}},"16":{"start":{"line":29,"column":16},"end":{"line":29,"column":32}},"17":{"start":{"line":32,"column":12},"end":{"line":32,"column":21}},"18":{"start":{"line":34,"column":8},"end":{"line":38,"column":51}},"19":{"start":{"line":40,"column":8},"end":{"line":40,"column":19}},"20":{"start":{"line":44,"column":18},"end":{"line":55,"column":1}},"21":{"start":{"line":45,"column":4},"end":{"line":54,"column":5}},"22":{"start":{"line":46,"column":24},"end":{"line":46,"column":42}},"23":{"start":{"line":47,"column":24},"end":{"line":47,"column":40}},"24":{"start":{"line":49,"column":21},"end":{"line":49,"column":76}},"25":{"start":{"line":51,"column":8},"end":{"line":51,"column":43}},"26":{"start":{"line":53,"column":8},"end":{"line":53,"column":19}}},"fnMap":{"0":{"name":"(anonymous_0)","decl":{"start":{"line":4,"column":20},"end":{"line":4,"column":21}},"loc":{"start":{"line":4,"column":44},"end":{"line":14,"column":1}},"line":4},"1":{"name":"(anonymous_1)","decl":{"start":{"line":16,"column":27},"end":{"line":16,"column":28}},"loc":{"start":{"line":16,"column":51},"end":{"line":42,"column":1}},"line":16},"2":{"name":"(anonymous_2)","decl":{"start":{"line":25,"column":40},"end":{"line":25,"column":41}},"loc":{"start":{"line":25,"column":49},"end":{"line":33,"column":9}},"line":25},"3":{"name":"(anonymous_3)","decl":{"start":{"line":44,"column":18},"end":{"line":44,"column":19}},"loc":{"start":{"line":44,"column":42},"end":{"line":55,"column":1}},"line":44}},"branchMap":{"0":{"loc":{"start":{"line":18,"column":19},"end":{"line":18,"column":50}},"type":"binary-expr","locations":[{"start":{"line":18,"column":19},"end":{"line":18,"column":45}},{"start":{"line":18,"column":49},"end":{"line":18,"column":50}}],"line":18},"1":{"loc":{"start":{"line":19,"column":8},"end":{"line":19,"column":31}},"type":"if","locations":[{"start":{"line":19,"column":8},"end":{"line":19,"column":31}},{"start":{},"end":{}}],"line":19},"2":{"loc":{"start":{"line":28,"column":12},"end":{"line":30,"column":13}},"type":"if","locations":[{"start":{"line":28,"column":12},"end":{"line":30,"column":13}},{"start":{},"end":{}}],"line":28},"3":{"loc":{"start":{"line":28,"column":15},"end":{"line":28,"column":38}},"type":"binary-expr","locations":[{"start":{"line":28,"column":15},"end":{"line":28,"column":28}},{"start":{"line":28,"column":32},"end":{"line":28,"column":38}}],"line":28}},"s":{"0":14,"1":3,"2":3,"3":3,"4":1,"5":2,"6":14,"7":2,"8":2,"9":2,"10":0,"11":2,"12":1,"13":1,"14":4,"15":4,"16":1,"17":4,"18":1,"19":1,"20":14,"21":4,"22":4,"23":4,"24":4,"25":1,"26":3},"f":{"0":3,"1":2,"2":4,"3":4},"b":{"0":[2,2],"1":[0,2],"2":[1,3],"3":[4,1]},"inputSourceMap":null,"_coverageSchema":"1a1c01bbd47fc00a2c39e90264f33305004495a9","hash":"0672200a649ed5c09edab598712254cbd1c0da52"}
,"C:\\Users\\jjose\\Documents\\proyectos\\TFG\\foro-sist-gam\\server\\controllers\\Report.controllers.js": {"path":"C:\\Users\\jjose\\Documents\\proyectos\\TFG\\foro-sist-gam\\server\\controllers\\Report.controllers.js","statementMap":{"0":{"start":{"line":3,"column":21},"end":{"line":10,"column":1}},"1":{"start":{"line":4,"column":4},"end":{"line":9,"column":5}},"2":{"start":{"line":5,"column":23},"end":{"line":5,"column":120}},"3":{"start":{"line":6,"column":8},"end":{"line":6,"column":71}},"4":{"start":{"line":8,"column":8},"end":{"line":8,"column":19}},"5":{"start":{"line":12,"column":21},"end":{"line":19,"column":1}},"6":{"start":{"line":13,"column":4},"end":{"line":18,"column":5}},"7":{"start":{"line":14,"column":8},"end":{"line":14,"column":61}},"8":{"start":{"line":15,"column":8},"end":{"line":15,"column":77}},"9":{"start":{"line":17,"column":8},"end":{"line":17,"column":19}},"10":{"start":{"line":21,"column":19},"end":{"line":31,"column":1}},"11":{"start":{"line":22,"column":4},"end":{"line":30,"column":5}},"12":{"start":{"line":24,"column":21},"end":{"line":24,"column":53}},"13":{"start":{"line":26,"column":8},"end":{"line":26,"column":43}},"14":{"start":{"line":29,"column":8},"end":{"line":29,"column":19}}},"fnMap":{"0":{"name":"(anonymous_0)","decl":{"start":{"line":3,"column":21},"end":{"line":3,"column":22}},"loc":{"start":{"line":3,"column":47},"end":{"line":10,"column":1}},"line":3},"1":{"name":"(anonymous_1)","decl":{"start":{"line":12,"column":21},"end":{"line":12,"column":22}},"loc":{"start":{"line":12,"column":44},"end":{"line":19,"column":1}},"line":12},"2":{"name":"(anonymous_2)","decl":{"start":{"line":21,"column":19},"end":{"line":21,"column":20}},"loc":{"start":{"line":21,"column":43},"end":{"line":31,"column":1}},"line":21}},"branchMap":{},"s":{"0":14,"1":3,"2":3,"3":1,"4":2,"5":14,"6":2,"7":2,"8":1,"9":1,"10":14,"11":1,"12":1,"13":1,"14":0},"f":{"0":3,"1":2,"2":1},"b":{},"inputSourceMap":null,"_coverageSchema":"1a1c01bbd47fc00a2c39e90264f33305004495a9","hash":"a7b01baacdeaea6a78624172e455e0d9a718f118"}
,"C:\\Users\\jjose\\Documents\\proyectos\\TFG\\foro-sist-gam\\server\\controllers\\Review.controllers.js": {"path":"C:\\Users\\jjose\\Documents\\proyectos\\TFG\\foro-sist-gam\\server\\controllers\\Review.controllers.js","statementMap":{"0":{"start":{"line":3,"column":21},"end":{"line":25,"column":1}},"1":{"start":{"line":4,"column":4},"end":{"line":24,"column":5}},"2":{"start":{"line":5,"column":21},"end":{"line":17,"column":9}},"3":{"start":{"line":19,"column":23},"end":{"line":19,"column":61}},"4":{"start":{"line":21,"column":8},"end":{"line":21,"column":46}},"5":{"start":{"line":23,"column":8},"end":{"line":23,"column":19}},"6":{"start":{"line":27,"column":26},"end":{"line":60,"column":1}},"7":{"start":{"line":28,"column":4},"end":{"line":59,"column":5}},"8":{"start":{"line":29,"column":20},"end":{"line":29,"column":29}},"9":{"start":{"line":30,"column":29},"end":{"line":30,"column":67}},"10":{"start":{"line":31,"column":19},"end":{"line":31,"column":46}},"11":{"start":{"line":32,"column":20},"end":{"line":32,"column":31}},"12":{"start":{"line":33,"column":26},"end":{"line":33,"column":51}},"13":{"start":{"line":34,"column":21},"end":{"line":34,"column":43}},"14":{"start":{"line":36,"column":8},"end":{"line":36,"column":52}},"15":{"start":{"line":36,"column":32},"end":{"line":36,"column":51}},"16":{"start":{"line":37,"column":8},"end":{"line":37,"column":53}},"17":{"start":{"line":37,"column":33},"end":{"line":37,"column":52}},"18":{"start":{"line":39,"column":8},"end":{"line":39,"column":31}},"19":{"start":{"line":39,"column":22},"end":{"line":39,"column":30}},"20":{"start":{"line":41,"column":21},"end":{"line":41,"column":102}},"21":{"start":{"line":42,"column":22},"end":{"line":42,"column":54}},"22":{"start":{"line":43,"column":24},"end":{"line":51,"column":10}},"23":{"start":{"line":44,"column":22},"end":{"line":44,"column":39}},"24":{"start":{"line":46,"column":12},"end":{"line":48,"column":13}},"25":{"start":{"line":47,"column":16},"end":{"line":47,"column":32}},"26":{"start":{"line":50,"column":12},"end":{"line":50,"column":21}},"27":{"start":{"line":52,"column":8},"end":{"line":56,"column":50}},"28":{"start":{"line":58,"column":8},"end":{"line":58,"column":19}},"29":{"start":{"line":62,"column":18},"end":{"line":78,"column":1}},"30":{"start":{"line":63,"column":4},"end":{"line":77,"column":5}},"31":{"start":{"line":64,"column":25},"end":{"line":64,"column":44}},"32":{"start":{"line":66,"column":21},"end":{"line":66,"column":60}},"33":{"start":{"line":67,"column":22},"end":{"line":67,"column":54}},"34":{"start":{"line":68,"column":23},"end":{"line":68,"column":40}},"35":{"start":{"line":70,"column":8},"end":{"line":72,"column":9}},"36":{"start":{"line":71,"column":12},"end":{"line":71,"column":34}},"37":{"start":{"line":74,"column":8},"end":{"line":74,"column":45}},"38":{"start":{"line":76,"column":8},"end":{"line":76,"column":19}},"39":{"start":{"line":80,"column":19},"end":{"line":102,"column":1}},"40":{"start":{"line":81,"column":4},"end":{"line":101,"column":5}},"41":{"start":{"line":82,"column":25},"end":{"line":82,"column":44}},"42":{"start":{"line":84,"column":21},"end":{"line":95,"column":9}},"43":{"start":{"line":96,"column":23},"end":{"line":96,"column":68}},"44":{"start":{"line":98,"column":8},"end":{"line":98,"column":45}},"45":{"start":{"line":100,"column":8},"end":{"line":100,"column":19}},"46":{"start":{"line":104,"column":21},"end":{"line":111,"column":1}},"47":{"start":{"line":105,"column":4},"end":{"line":110,"column":5}},"48":{"start":{"line":106,"column":8},"end":{"line":106,"column":71}},"49":{"start":{"line":107,"column":8},"end":{"line":107,"column":76}},"50":{"start":{"line":109,"column":8},"end":{"line":109,"column":19}}},"fnMap":{"0":{"name":"(anonymous_0)","decl":{"start":{"line":3,"column":21},"end":{"line":3,"column":22}},"loc":{"start":{"line":3,"column":45},"end":{"line":25,"column":1}},"line":3},"1":{"name":"(anonymous_1)","decl":{"start":{"line":27,"column":26},"end":{"line":27,"column":27}},"loc":{"start":{"line":27,"column":50},"end":{"line":60,"column":1}},"line":27},"2":{"name":"(anonymous_2)","decl":{"start":{"line":43,"column":40},"end":{"line":43,"column":41}},"loc":{"start":{"line":43,"column":50},"end":{"line":51,"column":9}},"line":43},"3":{"name":"(anonymous_3)","decl":{"start":{"line":62,"column":18},"end":{"line":62,"column":19}},"loc":{"start":{"line":62,"column":42},"end":{"line":78,"column":1}},"line":62},"4":{"name":"(anonymous_4)","decl":{"start":{"line":80,"column":19},"end":{"line":80,"column":20}},"loc":{"start":{"line":80,"column":43},"end":{"line":102,"column":1}},"line":80},"5":{"name":"(anonymous_5)","decl":{"start":{"line":104,"column":21},"end":{"line":104,"column":22}},"loc":{"start":{"line":104,"column":45},"end":{"line":111,"column":1}},"line":104}},"branchMap":{"0":{"loc":{"start":{"line":30,"column":29},"end":{"line":30,"column":67}},"type":"binary-expr","locations":[{"start":{"line":30,"column":29},"end":{"line":30,"column":61}},{"start":{"line":30,"column":65},"end":{"line":30,"column":67}}],"line":30},"1":{"loc":{"start":{"line":31,"column":19},"end":{"line":31,"column":46}},"type":"binary-expr","locations":[{"start":{"line":31,"column":19},"end":{"line":31,"column":41}},{"start":{"line":31,"column":45},"end":{"line":31,"column":46}}],"line":31},"2":{"loc":{"start":{"line":33,"column":26},"end":{"line":33,"column":51}},"type":"cond-expr","locations":[{"start":{"line":33,"column":45},"end":{"line":33,"column":47}},{"start":{"line":33,"column":50},"end":{"line":33,"column":51}}],"line":33},"3":{"loc":{"start":{"line":36,"column":8},"end":{"line":36,"column":52}},"type":"if","locations":[{"start":{"line":36,"column":8},"end":{"line":36,"column":52}},{"start":{},"end":{}}],"line":36},"4":{"loc":{"start":{"line":37,"column":8},"end":{"line":37,"column":53}},"type":"if","locations":[{"start":{"line":37,"column":8},"end":{"line":37,"column":53}},{"start":{},"end":{}}],"line":37},"5":{"loc":{"start":{"line":39,"column":8},"end":{"line":39,"column":31}},"type":"if","locations":[{"start":{"line":39,"column":8},"end":{"line":39,"column":31}},{"start":{},"end":{}}],"line":39},"6":{"loc":{"start":{"line":46,"column":12},"end":{"line":48,"column":13}},"type":"if","locations":[{"start":{"line":46,"column":12},"end":{"line":48,"column":13}},{"start":{},"end":{}}],"line":46},"7":{"loc":{"start":{"line":46,"column":15},"end":{"line":46,"column":38}},"type":"binary-expr","locations":[{"start":{"line":46,"column":15},"end":{"line":46,"column":28}},{"start":{"line":46,"column":32},"end":{"line":46,"column":38}}],"line":46},"8":{"loc":{"start":{"line":70,"column":8},"end":{"line":72,"column":9}},"type":"if","locations":[{"start":{"line":70,"column":8},"end":{"line":72,"column":9}},{"start":{},"end":{}}],"line":70},"9":{"loc":{"start":{"line":70,"column":11},"end":{"line":70,"column":39}},"type":"binary-expr","locations":[{"start":{"line":70,"column":11},"end":{"line":70,"column":29}},{"start":{"line":70,"column":33},"end":{"line":70,"column":39}}],"line":70}},"s":{"0":14,"1":3,"2":3,"3":3,"4":1,"5":2,"6":14,"7":2,"8":2,"9":2,"10":2,"11":2,"12":2,"13":2,"14":2,"15":0,"16":2,"17":0,"18":2,"19":0,"20":2,"21":1,"22":1,"23":1,"24":1,"25":0,"26":1,"27":1,"28":1,"29":14,"30":2,"31":2,"32":2,"33":1,"34":1,"35":1,"36":0,"37":1,"38":1,"39":14,"40":4,"41":4,"42":4,"43":4,"44":1,"45":3,"46":14,"47":4,"48":4,"49":1,"50":3},"f":{"0":3,"1":2,"2":1,"3":2,"4":4,"5":4},"b":{"0":[2,2],"1":[2,2],"2":[0,2],"3":[0,2],"4":[0,2],"5":[0,2],"6":[0,1],"7":[1,0],"8":[0,1],"9":[1,0]},"inputSourceMap":null,"_coverageSchema":"1a1c01bbd47fc00a2c39e90264f33305004495a9","hash":"97fd95318f07018e65505c6cb43bc0c1674c8dcb"}
,"C:\\Users\\jjose\\Documents\\proyectos\\TFG\\foro-sist-gam\\server\\controllers\\Tag.controllers.js": {"path":"C:\\Users\\jjose\\Documents\\proyectos\\TFG\\foro-sist-gam\\server\\controllers\\Tag.controllers.js","statementMap":{"0":{"start":{"line":3,"column":16},"end":{"line":10,"column":1}},"1":{"start":{"line":4,"column":4},"end":{"line":9,"column":5}},"2":{"start":{"line":5,"column":21},"end":{"line":5,"column":47}},"3":{"start":{"line":6,"column":8},"end":{"line":6,"column":46}},"4":{"start":{"line":8,"column":8},"end":{"line":8,"column":19}},"5":{"start":{"line":12,"column":18},"end":{"line":21,"column":1}},"6":{"start":{"line":13,"column":4},"end":{"line":20,"column":5}},"7":{"start":{"line":14,"column":20},"end":{"line":14,"column":56}},"8":{"start":{"line":15,"column":8},"end":{"line":17,"column":29}},"9":{"start":{"line":19,"column":8},"end":{"line":19,"column":19}},"10":{"start":{"line":23,"column":18},"end":{"line":30,"column":1}},"11":{"start":{"line":24,"column":4},"end":{"line":29,"column":5}},"12":{"start":{"line":25,"column":8},"end":{"line":25,"column":52}},"13":{"start":{"line":26,"column":8},"end":{"line":26,"column":78}},"14":{"start":{"line":28,"column":8},"end":{"line":28,"column":19}}},"fnMap":{"0":{"name":"(anonymous_0)","decl":{"start":{"line":3,"column":16},"end":{"line":3,"column":17}},"loc":{"start":{"line":3,"column":40},"end":{"line":10,"column":1}},"line":3},"1":{"name":"(anonymous_1)","decl":{"start":{"line":12,"column":18},"end":{"line":12,"column":19}},"loc":{"start":{"line":12,"column":42},"end":{"line":21,"column":1}},"line":12},"2":{"name":"(anonymous_2)","decl":{"start":{"line":23,"column":18},"end":{"line":23,"column":19}},"loc":{"start":{"line":23,"column":42},"end":{"line":30,"column":1}},"line":23}},"branchMap":{},"s":{"0":14,"1":1,"2":1,"3":1,"4":0,"5":14,"6":2,"7":2,"8":1,"9":1,"10":14,"11":2,"12":2,"13":1,"14":1},"f":{"0":1,"1":2,"2":2},"b":{},"inputSourceMap":null,"_coverageSchema":"1a1c01bbd47fc00a2c39e90264f33305004495a9","hash":"d826fe12a42b2507316c102c7a8f38e9d56b4f8f"}
,"C:\\Users\\jjose\\Documents\\proyectos\\TFG\\foro-sist-gam\\server\\controllers\\Thread.controllers.js": {"path":"C:\\Users\\jjose\\Documents\\proyectos\\TFG\\foro-sist-gam\\server\\controllers\\Thread.controllers.js","statementMap":{"0":{"start":{"line":4,"column":21},"end":{"line":22,"column":1}},"1":{"start":{"line":5,"column":4},"end":{"line":21,"column":5}},"2":{"start":{"line":6,"column":21},"end":{"line":10,"column":9}},"3":{"start":{"line":12,"column":23},"end":{"line":12,"column":70}},"4":{"start":{"line":14,"column":8},"end":{"line":17,"column":10}},"5":{"start":{"line":20,"column":8},"end":{"line":20,"column":19}},"6":{"start":{"line":24,"column":19},"end":{"line":62,"column":1}},"7":{"start":{"line":25,"column":4},"end":{"line":61,"column":5}},"8":{"start":{"line":26,"column":29},"end":{"line":26,"column":71}},"9":{"start":{"line":27,"column":19},"end":{"line":27,"column":50}},"10":{"start":{"line":28,"column":21},"end":{"line":28,"column":37}},"11":{"start":{"line":29,"column":20},"end":{"line":29,"column":35}},"12":{"start":{"line":30,"column":21},"end":{"line":30,"column":37}},"13":{"start":{"line":31,"column":23},"end":{"line":31,"column":41}},"14":{"start":{"line":33,"column":8},"end":{"line":38,"column":9}},"15":{"start":{"line":34,"column":12},"end":{"line":36,"column":13}},"16":{"start":{"line":35,"column":16},"end":{"line":35,"column":34}},"17":{"start":{"line":37,"column":12},"end":{"line":37,"column":34}},"18":{"start":{"line":39,"column":8},"end":{"line":44,"column":9}},"19":{"start":{"line":40,"column":12},"end":{"line":42,"column":13}},"20":{"start":{"line":41,"column":16},"end":{"line":41,"column":32}},"21":{"start":{"line":43,"column":12},"end":{"line":43,"column":32}},"22":{"start":{"line":45,"column":34},"end":{"line":45,"column":73}},"23":{"start":{"line":46,"column":26},"end":{"line":46,"column":83}},"24":{"start":{"line":47,"column":26},"end":{"line":47,"column":51}},"25":{"start":{"line":49,"column":21},"end":{"line":49,"column":52}},"26":{"start":{"line":51,"column":8},"end":{"line":51,"column":52}},"27":{"start":{"line":51,"column":32},"end":{"line":51,"column":51}},"28":{"start":{"line":52,"column":8},"end":{"line":52,"column":53}},"29":{"start":{"line":52,"column":33},"end":{"line":52,"column":52}},"30":{"start":{"line":54,"column":8},"end":{"line":54,"column":31}},"31":{"start":{"line":54,"column":22},"end":{"line":54,"column":30}},"32":{"start":{"line":56,"column":21},"end":{"line":56,"column":97}},"33":{"start":{"line":58,"column":8},"end":{"line":58,"column":43}},"34":{"start":{"line":60,"column":8},"end":{"line":60,"column":19}},"35":{"start":{"line":64,"column":19},"end":{"line":78,"column":1}},"36":{"start":{"line":65,"column":4},"end":{"line":77,"column":5}},"37":{"start":{"line":66,"column":25},"end":{"line":66,"column":44}},"38":{"start":{"line":68,"column":21},"end":{"line":71,"column":9}},"39":{"start":{"line":72,"column":21},"end":{"line":72,"column":76}},"40":{"start":{"line":74,"column":8},"end":{"line":74,"column":43}},"41":{"start":{"line":76,"column":8},"end":{"line":76,"column":19}},"42":{"start":{"line":80,"column":18},"end":{"line":97,"column":1}},"43":{"start":{"line":81,"column":4},"end":{"line":96,"column":5}},"44":{"start":{"line":82,"column":25},"end":{"line":82,"column":44}},"45":{"start":{"line":84,"column":21},"end":{"line":84,"column":60}},"46":{"start":{"line":86,"column":22},"end":{"line":86,"column":54}},"47":{"start":{"line":87,"column":23},"end":{"line":87,"column":40}},"48":{"start":{"line":89,"column":8},"end":{"line":91,"column":9}},"49":{"start":{"line":90,"column":12},"end":{"line":90,"column":33}},"50":{"start":{"line":93,"column":8},"end":{"line":93,"column":45}},"51":{"start":{"line":95,"column":8},"end":{"line":95,"column":19}},"52":{"start":{"line":99,"column":27},"end":{"line":122,"column":1}},"53":{"start":{"line":100,"column":4},"end":{"line":121,"column":5}},"54":{"start":{"line":101,"column":25},"end":{"line":101,"column":44}},"55":{"start":{"line":102,"column":21},"end":{"line":102,"column":36}},"56":{"start":{"line":109,"column":8},"end":{"line":109,"column":64}},"57":{"start":{"line":111,"column":8},"end":{"line":111,"column":92}},"58":{"start":{"line":120,"column":8},"end":{"line":120,"column":19}},"59":{"start":{"line":124,"column":25},"end":{"line":132,"column":1}},"60":{"start":{"line":125,"column":4},"end":{"line":131,"column":5}},"61":{"start":{"line":126,"column":21},"end":{"line":126,"column":59}},"62":{"start":{"line":128,"column":8},"end":{"line":128,"column":45}},"63":{"start":{"line":130,"column":8},"end":{"line":130,"column":19}}},"fnMap":{"0":{"name":"(anonymous_0)","decl":{"start":{"line":4,"column":21},"end":{"line":4,"column":22}},"loc":{"start":{"line":4,"column":46},"end":{"line":22,"column":1}},"line":4},"1":{"name":"(anonymous_1)","decl":{"start":{"line":24,"column":19},"end":{"line":24,"column":20}},"loc":{"start":{"line":24,"column":43},"end":{"line":62,"column":1}},"line":24},"2":{"name":"(anonymous_2)","decl":{"start":{"line":64,"column":19},"end":{"line":64,"column":20}},"loc":{"start":{"line":64,"column":43},"end":{"line":78,"column":1}},"line":64},"3":{"name":"(anonymous_3)","decl":{"start":{"line":80,"column":18},"end":{"line":80,"column":19}},"loc":{"start":{"line":80,"column":42},"end":{"line":97,"column":1}},"line":80},"4":{"name":"(anonymous_4)","decl":{"start":{"line":99,"column":27},"end":{"line":99,"column":28}},"loc":{"start":{"line":99,"column":51},"end":{"line":122,"column":1}},"line":99},"5":{"name":"(anonymous_5)","decl":{"start":{"line":124,"column":25},"end":{"line":124,"column":26}},"loc":{"start":{"line":124,"column":49},"end":{"line":132,"column":1}},"line":124}},"branchMap":{"0":{"loc":{"start":{"line":26,"column":29},"end":{"line":26,"column":71}},"type":"binary-expr","locations":[{"start":{"line":26,"column":29},"end":{"line":26,"column":65}},{"start":{"line":26,"column":69},"end":{"line":26,"column":71}}],"line":26},"1":{"loc":{"start":{"line":27,"column":19},"end":{"line":27,"column":50}},"type":"binary-expr","locations":[{"start":{"line":27,"column":19},"end":{"line":27,"column":45}},{"start":{"line":27,"column":49},"end":{"line":27,"column":50}}],"line":27},"2":{"loc":{"start":{"line":33,"column":8},"end":{"line":38,"column":9}},"type":"if","locations":[{"start":{"line":33,"column":8},"end":{"line":38,"column":9}},{"start":{},"end":{}}],"line":33},"3":{"loc":{"start":{"line":34,"column":12},"end":{"line":36,"column":13}},"type":"if","locations":[{"start":{"line":34,"column":12},"end":{"line":36,"column":13}},{"start":{},"end":{}}],"line":34},"4":{"loc":{"start":{"line":39,"column":8},"end":{"line":44,"column":9}},"type":"if","locations":[{"start":{"line":39,"column":8},"end":{"line":44,"column":9}},{"start":{},"end":{}}],"line":39},"5":{"loc":{"start":{"line":40,"column":12},"end":{"line":42,"column":13}},"type":"if","locations":[{"start":{"line":40,"column":12},"end":{"line":42,"column":13}},{"start":{},"end":{}}],"line":40},"6":{"loc":{"start":{"line":46,"column":26},"end":{"line":46,"column":83}},"type":"cond-expr","locations":[{"start":{"line":46,"column":63},"end":{"line":46,"column":69}},{"start":{"line":46,"column":72},"end":{"line":46,"column":83}}],"line":46},"7":{"loc":{"start":{"line":47,"column":26},"end":{"line":47,"column":51}},"type":"cond-expr","locations":[{"start":{"line":47,"column":45},"end":{"line":47,"column":47}},{"start":{"line":47,"column":50},"end":{"line":47,"column":51}}],"line":47},"8":{"loc":{"start":{"line":51,"column":8},"end":{"line":51,"column":52}},"type":"if","locations":[{"start":{"line":51,"column":8},"end":{"line":51,"column":52}},{"start":{},"end":{}}],"line":51},"9":{"loc":{"start":{"line":52,"column":8},"end":{"line":52,"column":53}},"type":"if","locations":[{"start":{"line":52,"column":8},"end":{"line":52,"column":53}},{"start":{},"end":{}}],"line":52},"10":{"loc":{"start":{"line":54,"column":8},"end":{"line":54,"column":31}},"type":"if","locations":[{"start":{"line":54,"column":8},"end":{"line":54,"column":31}},{"start":{},"end":{}}],"line":54},"11":{"loc":{"start":{"line":89,"column":8},"end":{"line":91,"column":9}},"type":"if","locations":[{"start":{"line":89,"column":8},"end":{"line":91,"column":9}},{"start":{},"end":{}}],"line":89},"12":{"loc":{"start":{"line":89,"column":11},"end":{"line":89,"column":39}},"type":"binary-expr","locations":[{"start":{"line":89,"column":11},"end":{"line":89,"column":29}},{"start":{"line":89,"column":33},"end":{"line":89,"column":39}}],"line":89}},"s":{"0":14,"1":2,"2":2,"3":2,"4":1,"5":1,"6":14,"7":2,"8":2,"9":2,"10":2,"11":2,"12":2,"13":2,"14":2,"15":0,"16":0,"17":0,"18":2,"19":0,"20":0,"21":0,"22":2,"23":2,"24":2,"25":2,"26":2,"27":0,"28":2,"29":0,"30":2,"31":0,"32":2,"33":2,"34":0,"35":14,"36":5,"37":5,"38":5,"39":5,"40":1,"41":4,"42":14,"43":2,"44":2,"45":2,"46":1,"47":1,"48":1,"49":0,"50":1,"51":1,"52":14,"53":2,"54":2,"55":2,"56":2,"57":1,"58":1,"59":14,"60":1,"61":1,"62":1,"63":0},"f":{"0":2,"1":2,"2":5,"3":2,"4":2,"5":1},"b":{"0":[2,2],"1":[2,2],"2":[0,2],"3":[0,0],"4":[0,2],"5":[0,0],"6":[0,2],"7":[0,2],"8":[0,2],"9":[0,2],"10":[0,2],"11":[0,1],"12":[1,0]},"inputSourceMap":null,"_coverageSchema":"1a1c01bbd47fc00a2c39e90264f33305004495a9","hash":"55f17eb5955444da6df799f57a4ed2597ce5014f"}
,"C:\\Users\\jjose\\Documents\\proyectos\\TFG\\foro-sist-gam\\server\\controllers\\User.controllers.js": {"path":"C:\\Users\\jjose\\Documents\\proyectos\\TFG\\foro-sist-gam\\server\\controllers\\User.controllers.js","statementMap":{"0":{"start":{"line":8,"column":16},"end":{"line":16,"column":1}},"1":{"start":{"line":9,"column":4},"end":{"line":15,"column":5}},"2":{"start":{"line":10,"column":23},"end":{"line":10,"column":40}},"3":{"start":{"line":11,"column":19},"end":{"line":11,"column":61}},"4":{"start":{"line":12,"column":8},"end":{"line":12,"column":46}},"5":{"start":{"line":14,"column":8},"end":{"line":14,"column":19}},"6":{"start":{"line":18,"column":20},"end":{"line":30,"column":1}},"7":{"start":{"line":19,"column":4},"end":{"line":29,"column":5}},"8":{"start":{"line":20,"column":23},"end":{"line":20,"column":40}},"9":{"start":{"line":21,"column":21},"end":{"line":21,"column":89}},"10":{"start":{"line":23,"column":8},"end":{"line":26,"column":10}},"11":{"start":{"line":28,"column":8},"end":{"line":28,"column":19}},"12":{"start":{"line":32,"column":16},"end":{"line":49,"column":1}},"13":{"start":{"line":33,"column":4},"end":{"line":48,"column":5}},"14":{"start":{"line":34,"column":23},"end":{"line":34,"column":40}},"15":{"start":{"line":35,"column":24},"end":{"line":35,"column":44}},"16":{"start":{"line":37,"column":8},"end":{"line":39,"column":9}},"17":{"start":{"line":38,"column":12},"end":{"line":38,"column":39}},"18":{"start":{"line":41,"column":21},"end":{"line":41,"column":63}},"19":{"start":{"line":42,"column":8},"end":{"line":45,"column":10}},"20":{"start":{"line":47,"column":8},"end":{"line":47,"column":19}},"21":{"start":{"line":51,"column":18},"end":{"line":63,"column":1}},"22":{"start":{"line":52,"column":4},"end":{"line":62,"column":5}},"23":{"start":{"line":53,"column":23},"end":{"line":53,"column":40}},"24":{"start":{"line":55,"column":21},"end":{"line":55,"column":56}},"25":{"start":{"line":56,"column":8},"end":{"line":59,"column":10}},"26":{"start":{"line":61,"column":8},"end":{"line":61,"column":19}},"27":{"start":{"line":65,"column":19},"end":{"line":76,"column":1}},"28":{"start":{"line":66,"column":4},"end":{"line":75,"column":5}},"29":{"start":{"line":67,"column":23},"end":{"line":67,"column":40}},"30":{"start":{"line":69,"column":8},"end":{"line":69,"column":53}},"31":{"start":{"line":70,"column":8},"end":{"line":70,"column":40}},"32":{"start":{"line":71,"column":8},"end":{"line":71,"column":55}},"33":{"start":{"line":72,"column":8},"end":{"line":72,"column":137}},"34":{"start":{"line":74,"column":8},"end":{"line":74,"column":19}},"35":{"start":{"line":78,"column":23},"end":{"line":90,"column":1}},"36":{"start":{"line":79,"column":4},"end":{"line":89,"column":5}},"37":{"start":{"line":80,"column":23},"end":{"line":80,"column":40}},"38":{"start":{"line":82,"column":8},"end":{"line":82,"column":76}},"39":{"start":{"line":83,"column":8},"end":{"line":83,"column":40}},"40":{"start":{"line":84,"column":8},"end":{"line":84,"column":55}},"41":{"start":{"line":86,"column":8},"end":{"line":86,"column":104}},"42":{"start":{"line":88,"column":8},"end":{"line":88,"column":19}},"43":{"start":{"line":92,"column":28},"end":{"line":99,"column":1}},"44":{"start":{"line":93,"column":4},"end":{"line":98,"column":5}},"45":{"start":{"line":94,"column":31},"end":{"line":94,"column":77}},"46":{"start":{"line":95,"column":8},"end":{"line":95,"column":55}},"47":{"start":{"line":97,"column":8},"end":{"line":97,"column":19}},"48":{"start":{"line":101,"column":17},"end":{"line":108,"column":1}},"49":{"start":{"line":102,"column":4},"end":{"line":107,"column":5}},"50":{"start":{"line":103,"column":20},"end":{"line":103,"column":48}},"51":{"start":{"line":104,"column":8},"end":{"line":104,"column":44}},"52":{"start":{"line":106,"column":8},"end":{"line":106,"column":19}}},"fnMap":{"0":{"name":"(anonymous_0)","decl":{"start":{"line":8,"column":16},"end":{"line":8,"column":17}},"loc":{"start":{"line":8,"column":42},"end":{"line":16,"column":1}},"line":8},"1":{"name":"(anonymous_1)","decl":{"start":{"line":18,"column":20},"end":{"line":18,"column":21}},"loc":{"start":{"line":18,"column":46},"end":{"line":30,"column":1}},"line":18},"2":{"name":"(anonymous_2)","decl":{"start":{"line":32,"column":16},"end":{"line":32,"column":17}},"loc":{"start":{"line":32,"column":40},"end":{"line":49,"column":1}},"line":32},"3":{"name":"(anonymous_3)","decl":{"start":{"line":51,"column":18},"end":{"line":51,"column":19}},"loc":{"start":{"line":51,"column":42},"end":{"line":63,"column":1}},"line":51},"4":{"name":"(anonymous_4)","decl":{"start":{"line":65,"column":19},"end":{"line":65,"column":20}},"loc":{"start":{"line":65,"column":43},"end":{"line":76,"column":1}},"line":65},"5":{"name":"(anonymous_5)","decl":{"start":{"line":78,"column":23},"end":{"line":78,"column":24}},"loc":{"start":{"line":78,"column":47},"end":{"line":90,"column":1}},"line":78},"6":{"name":"(anonymous_6)","decl":{"start":{"line":92,"column":28},"end":{"line":92,"column":29}},"loc":{"start":{"line":92,"column":52},"end":{"line":99,"column":1}},"line":92},"7":{"name":"(anonymous_7)","decl":{"start":{"line":101,"column":17},"end":{"line":101,"column":18}},"loc":{"start":{"line":101,"column":41},"end":{"line":108,"column":1}},"line":101}},"branchMap":{"0":{"loc":{"start":{"line":37,"column":8},"end":{"line":39,"column":9}},"type":"if","locations":[{"start":{"line":37,"column":8},"end":{"line":39,"column":9}},{"start":{},"end":{}}],"line":37}},"s":{"0":14,"1":3,"2":3,"3":3,"4":2,"5":1,"6":14,"7":9,"8":9,"9":9,"10":2,"11":7,"12":14,"13":3,"14":3,"15":3,"16":3,"17":0,"18":3,"19":1,"20":2,"21":14,"22":3,"23":3,"24":3,"25":1,"26":2,"27":14,"28":3,"29":3,"30":3,"31":1,"32":1,"33":1,"34":2,"35":14,"36":4,"37":4,"38":4,"39":1,"40":1,"41":1,"42":3,"43":14,"44":1,"45":1,"46":1,"47":0,"48":14,"49":1,"50":1,"51":1,"52":0},"f":{"0":3,"1":9,"2":3,"3":3,"4":3,"5":4,"6":1,"7":1},"b":{"0":[0,3]},"inputSourceMap":null,"_coverageSchema":"1a1c01bbd47fc00a2c39e90264f33305004495a9","hash":"4175a1ad18e6c79c89de51f9cba2ceca28fffffa"}
,"C:\\Users\\jjose\\Documents\\proyectos\\TFG\\foro-sist-gam\\server\\middlewares\\Category.validators.js": {"path":"C:\\Users\\jjose\\Documents\\proyectos\\TFG\\foro-sist-gam\\server\\middlewares\\Category.validators.js","statementMap":{"0":{"start":{"line":4,"column":33},"end":{"line":13,"column":1}}},"fnMap":{},"branchMap":{},"s":{"0":14},"f":{},"b":{},"inputSourceMap":null,"_coverageSchema":"1a1c01bbd47fc00a2c39e90264f33305004495a9","hash":"7ad2c9f0e34954fd046912b855a54bdca8ee56b8"}
,"C:\\Users\\jjose\\Documents\\proyectos\\TFG\\foro-sist-gam\\server\\middlewares\\Game.validators.js": {"path":"C:\\Users\\jjose\\Documents\\proyectos\\TFG\\foro-sist-gam\\server\\middlewares\\Game.validators.js","statementMap":{"0":{"start":{"line":4,"column":31},"end":{"line":9,"column":1}},"1":{"start":{"line":11,"column":29},"end":{"line":39,"column":1}},"2":{"start":{"line":23,"column":34},"end":{"line":23,"column":57}},"3":{"start":{"line":41,"column":32},"end":{"line":46,"column":1}}},"fnMap":{"0":{"name":"(anonymous_0)","decl":{"start":{"line":23,"column":25},"end":{"line":23,"column":26}},"loc":{"start":{"line":23,"column":34},"end":{"line":23,"column":57}},"line":23}},"branchMap":{},"s":{"0":14,"1":14,"2":6,"3":14},"f":{"0":6},"b":{},"inputSourceMap":null,"_coverageSchema":"1a1c01bbd47fc00a2c39e90264f33305004495a9","hash":"c16b6ceefd1a75b6e3f188c899345ef5cc8dcf4d"}
,"C:\\Users\\jjose\\Documents\\proyectos\\TFG\\foro-sist-gam\\server\\middlewares\\Post.validators.js": {"path":"C:\\Users\\jjose\\Documents\\proyectos\\TFG\\foro-sist-gam\\server\\middlewares\\Post.validators.js","statementMap":{"0":{"start":{"line":3,"column":29},"end":{"line":11,"column":1}},"1":{"start":{"line":13,"column":33},"end":{"line":21,"column":1}},"2":{"start":{"line":22,"column":33},"end":{"line":27,"column":1}}},"fnMap":{},"branchMap":{},"s":{"0":14,"1":14,"2":14},"f":{},"b":{},"inputSourceMap":null,"_coverageSchema":"1a1c01bbd47fc00a2c39e90264f33305004495a9","hash":"ad89c03000995968caa1d9c6d54b9f52e29000ec"}
[...]
"column":4},"end":{"line":118,"column":5}},"58":{"start":{"line":117,"column":8},"end":{"line":117,"column":36}},"59":{"start":{"line":120,"column":4},"end":{"line":122,"column":5}},"60":{"start":{"line":121,"column":8},"end":{"line":121,"column":37}},"61":{"start":{"line":123,"column":4},"end":{"line":123,"column":27}},"62":{"start":{"line":124,"column":4},"end":{"line":124,"column":30}},"63":{"start":{"line":126,"column":4},"end":{"line":126,"column":28}},"64":{"start":{"line":129,"column":18},"end":{"line":143,"column":1}},"65":{"start":{"line":130,"column":15},"end":{"line":131,"column":76}},"66":{"start":{"line":132,"column":4},"end":{"line":134,"column":5}},"67":{"start":{"line":133,"column":8},"end":{"line":133,"column":37}},"68":{"start":{"line":135,"column":4},"end":{"line":137,"column":5}},"69":{"start":{"line":136,"column":8},"end":{"line":136,"column":33}},"70":{"start":{"line":138,"column":4},"end":{"line":138,"column":27}},"71":{"start":{"line":139,"column":4},"end":{"line":139,"column":28}},"72":{"start":{"line":141,"column":4},"end":{"line":141,"column":29}},"73":{"start":{"line":145,"column":19},"end":{"line":158,"column":1}},"74":{"start":{"line":146,"column":15},"end":{"line":146,"column":47}},"75":{"start":{"line":147,"column":4},"end":{"line":149,"column":5}},"76":{"start":{"line":148,"column":8},"end":{"line":148,"column":37}},"77":{"start":{"line":150,"column":4},"end":{"line":152,"column":5}},"78":{"start":{"line":151,"column":8},"end":{"line":151,"column":36}},"79":{"start":{"line":153,"column":4},"end":{"line":153,"column":50}},"80":{"start":{"line":155,"column":4},"end":{"line":155,"column":22}},"81":{"start":{"line":157,"column":4},"end":{"line":157,"column":15}},"82":{"start":{"line":160,"column":23},"end":{"line":179,"column":1}},"83":{"start":{"line":161,"column":15},"end":{"line":161,"column":47}},"84":{"start":{"line":162,"column":4},"end":{"line":164,"column":5}},"85":{"start":{"line":163,"column":8},"end":{"line":163,"column":36}},"86":{"start":{"line":166,"column":4},"end":{"line":168,"column":5}},"87":{"start":{"line":167,"column":8},"end":{"line":167,"column":36}},"88":{"start":{"line":170,"column":20},"end":{"line":170,"column":59}},"89":{"start":{"line":171,"column":4},"end":{"line":173,"column":5}},"90":{"start":{"line":172,"column":8},"end":{"line":172,"column":36}},"91":{"start":{"line":175,"column":4},"end":{"line":175,"column":31}},"92":{"start":{"line":177,"column":4},"end":{"line":177,"column":21}},"93":{"start":{"line":181,"column":28},"end":{"line":183,"column":1}},"94":{"start":{"line":182,"column":4},"end":{"line":182,"column":86}},"95":{"start":{"line":185,"column":28},"end":{"line":190,"column":1}},"96":{"start":{"line":186,"column":5},"end":{"line":189,"column":5}},"97":{"start":{"line":194,"column":28},"end":{"line":202,"column":1}},"98":{"start":{"line":195,"column":15},"end":{"line":195,"column":44}},"99":{"start":{"line":196,"column":27},"end":{"line":196,"column":49}},"100":{"start":{"line":197,"column":4},"end":{"line":199,"column":5}},"101":{"start":{"line":198,"column":8},"end":{"line":198,"column":29}},"102":{"start":{"line":201,"column":4},"end":{"line":201,"column":27}},"103":{"start":{"line":204,"column":17},"end":{"line":210,"column":1}},"104":{"start":{"line":205,"column":16},"end":{"line":207,"column":72}},"105":{"start":{"line":209,"column":4},"end":{"line":209,"column":16}}},"fnMap":{"0":{"name":"(anonymous_0)","decl":{"start":{"line":6,"column":16},"end":{"line":6,"column":17}},"loc":{"start":{"line":6,"column":39},"end":{"line":24,"column":1}},"line":6},"1":{"name":"(anonymous_1)","decl":{"start":{"line":26,"column":20},"end":{"line":26,"column":21}},"loc":{"start":{"line":26,"column":55},"end":{"line":98,"column":1}},"line":26},"2":{"name":"(anonymous_2)","decl":{"start":{"line":100,"column":25},"end":{"line":100,"column":26}},"loc":{"start":{"line":100,"column":46},"end":{"line":111,"column":1}},"line":100},"3":{"name":"(anonymous_3)","decl":{"start":{"line":113,"column":16},"end":{"line":113,"column":17}},"loc":{"start":{"line":113,"column":43},"end":{"line":127,"column":1}},"line":113},"4":{"name":"(anonymous_4)","decl":{"start":{"line":129,"column":18},"end":{"line":129,"column":19}},"loc":{"start":{"line":129,"column":36},"end":{"line":143,"column":1}},"line":129},"5":{"name":"(anonymous_5)","decl":{"start":{"line":145,"column":19},"end":{"line":145,"column":20}},"loc":{"start":{"line":145,"column":41},"end":{"line":158,"column":1}},"line":145},"6":{"name":"(anonymous_6)","decl":{"start":{"line":160,"column":23},"end":{"line":160,"column":24}},"loc":{"start":{"line":160,"column":58},"end":{"line":179,"column":1}},"line":160},"7":{"name":"(anonymous_7)","decl":{"start":{"line":181,"column":28},"end":{"line":181,"column":29}},"loc":{"start":{"line":181,"column":54},"end":{"line":183,"column":1}},"line":181},"8":{"name":"(anonymous_8)","decl":{"start":{"line":185,"column":28},"end":{"line":185,"column":29}},"loc":{"start":{"line":185,"column":46},"end":{"line":190,"column":1}},"line":185},"9":{"name":"(anonymous_9)","decl":{"start":{"line":194,"column":28},"end":{"line":194,"column":29}},"loc":{"start":{"line":194,"column":43},"end":{"line":202,"column":1}},"line":194},"10":{"name":"(anonymous_10)","decl":{"start":{"line":204,"column":17},"end":{"line":204,"column":18}},"loc":{"start":{"line":204,"column":29},"end":{"line":210,"column":1}},"line":204}},"branchMap":{"0":{"loc":{"start":{"line":8,"column":4},"end":{"line":19,"column":5}},"type":"if","locations":[{"start":{"line":8,"column":4},"end":{"line":19,"column":5}},{"start":{"line":13,"column":9},"end":{"line":19,"column":5}}],"line":8},"1":{"loc":{"start":{"line":20,"column":4},"end":{"line":22,"column":5}},"type":"if","locations":[{"start":{"line":20,"column":4},"end":{"line":22,"column":5}},{"start":{},"end":{}}],"line":20},"2":{"loc":{"start":{"line":28,"column":4},"end":{"line":30,"column":5}},"type":"if","locations":[{"start":{"line":28,"column":4},"end":{"line":30,"column":5}},{"start":{},"end":{}}],"line":28},"3":{"loc":{"start":{"line":32,"column":4},"end":{"line":34,"column":5}},"type":"if","locations":[{"start":{"line":32,"column":4},"end":{"line":34,"column":5}},{"start":{},"end":{}}],"line":32},"4":{"loc":{"start":{"line":50,"column":4},"end":{"line":97,"column":5}},"type":"if","locations":[{"start":{"line":50,"column":4},"end":{"line":97,"column":5}},{"start":{"line":57,"column":10},"end":{"line":97,"column":5}}],"line":50},"5":{"loc":{"start":{"line":52,"column":8},"end":{"line":54,"column":9}},"type":"if","locations":[{"start":{"line":52,"column":8},"end":{"line":54,"column":9}},{"start":{},"end":{}}],"line":52},"6":{"loc":{"start":{"line":57,"column":10},"end":{"line":97,"column":5}},"type":"if","locations":[{"start":{"line":57,"column":10},"end":{"line":97,"column":5}},{"start":{"line":78,"column":10},"end":{"line":97,"column":5}}],"line":57},"7":{"loc":{"start":{"line":58,"column":8},"end":{"line":77,"column":9}},"type":"if","locations":[{"start":{"line":58,"column":8},"end":{"line":77,"column":9}},{"start":{"line":66,"column":14},"end":{"line":77,"column":9}}],"line":58},"8":{"loc":{"start":{"line":61,"column":12},"end":{"line":63,"column":13}},"type":"if","locations":[{"start":{"line":61,"column":12},"end":{"line":63,"column":13}},{"start":{},"end":{}}],"line":61},"9":{"loc":{"start":{"line":70,"column":12},"end":{"line":72,"column":13}},"type":"if","locations":[{"start":{"line":70,"column":12},"end":{"line":72,"column":13}},{"start":{},"end":{}}],"line":70},"10":{"loc":{"start":{"line":73,"column":12},"end":{"line":75,"column":13}},"type":"if","locations":[{"start":{"line":73,"column":12},"end":{"line":75,"column":13}},{"start":{},"end":{}}],"line":73},"11":{"loc":{"start":{"line":78,"column":10},"end":{"line":97,"column":5}},"type":"if","locations":[{"start":{"line":78,"column":10},"end":{"line":97,"column":5}},{"start":{},"end":{}}],"line":78},"12":{"loc":{"start":{"line":82,"column":8},"end":{"line":95,"column":9}},"type":"if","locations":[{"start":{"line":82,"column":8},"end":{"line":95,"column":9}},{"start":{"line":86,"column":13},"end":{"line":95,"column":9}}],"line":82},"13":{"loc":{"start":{"line":90,"column":12},"end":{"line":94,"column":13}},"type":"if","locations":[{"start":{"line":90,"column":12},"end":{"line":94,"column":13}},{"start":{},"end":{}}],"line":90},"14":{"loc":{"start":{"line":101,"column":4},"end":{"line":103,"column":5}},"type":"if","locations":[{"start":{"line":101,"column":4},"end":{"line":103,"column":5}},{"start":{},"end":{}}],"line":101},"15":{"loc":{"start":{"line":116,"column":4},"end":{"line":118,"column":5}},"type":"if","locations":[{"start":{"line":116,"column":4},"end":{"line":118,"column":5}},{"start":{},"end":{}}],"line":116},"16":{"loc":{"start":{"line":120,"column":4},"end":{"line":122,"column":5}},"type":"if","locations":[{"start":{"line":120,"column":4},"end":{"line":122,"column":5}},{"start":{},"end":{}}],"line":120},"17":{"loc":{"start":{"line":132,"column":4},"end":{"line":134,"column":5}},"type":"if","locations":[{"start":{"line":132,"column":4},"end":{"line":134,"column":5}},{"start":{},"end":{}}],"line":132},"18":{"loc":{"start":{"line":135,"column":4},"end":{"line":137,"column":5}},"type":"if","locations":[{"start":{"line":135,"column":4},"end":{"line":137,"column":5}},{"start":{},"end":{}}],"line":135},"19":{"loc":{"start":{"line":147,"column":4},"end":{"line":149,"column":5}},"type":"if","locations":[{"start":{"line":147,"column":4},"end":{"line":149,"column":5}},{"start":{},"end":{}}],"line":147},"20":{"loc":{"start":{"line":150,"column":4},"end":{"line":152,"column":5}},"type":"if","locations":[{"start":{"line":150,"column":4},"end":{"line":152,"column":5}},{"start":{},"end":{}}],"line":150},"21":{"loc":{"start":{"line":162,"column":4},"end":{"line":164,"column":5}},"type":"if","locations":[{"start":{"line":162,"column":4},"end":{"line":164,"column":5}},{"start":{},"end":{}}],"line":162},"22":{"loc":{"start":{"line":166,"column":4},"end":{"line":168,"column":5}},"type":"if","locations":[{"start":{"line":166,"column":4},"end":{"line":168,"column":5}},{"start":{},"end":{}}],"line":166},"23":{"loc":{"start":{"line":171,"column":4},"end":{"line":173,"column":5}},"type":"if","locations":[{"start":{"line":171,"column":4},"end":{"line":173,"column":5}},{"start":{},"end":{}}],"line":171},"24":{"loc":{"start":{"line":197,"column":4},"end":{"line":199,"column":5}},"type":"if","locations":[{"start":{"line":197,"column":4},"end":{"line":199,"column":5}},{"start":{},"end":{}}],"line":197}},"s":{"0":14,"1":3,"2":1,"3":2,"4":3,"5":1,"6":2,"7":14,"8":9,"9":9,"10":1,"11":8,"12":1,"13":7,"14":7,"15":7,"16":7,"17":7,"18":7,"19":7,"20":7,"21":1,"22":1,"23":1,"24":1,"25":6,"26":3,"27":1,"28":1,"29":1,"30":1,"31":2,"32":2,"33":2,"34":2,"35":1,"36":2,"37":1,"38":2,"39":3,"40":3,"41":3,"42":3,"43":3,"44":1,"45":2,"46":2,"47":1,"48":3,"49":14,"50":2,"51":1,"52":2,"53":2,"54":2,"55":14,"56":3,"57":3,"58":1,"59":2,"60":1,"61":1,"62":1,"63":1,"64":14,"65":3,"66":3,"67":1,"68":2,"69":1,"70":1,"71":1,"72":1,"73":14,"74":3,"75":3,"76":1,"77":2,"78":1,"79":1,"80":1,"81":1,"82":14,"83":4,"84":4,"85":1,"86":3,"87":1,"88":2,"89":2,"90":1,"91":1,"92":1,"93":14,"94":0,"95":14,"96":1,"97":14,"98":1,"99":1,"100":1,"101":0,"102":1,"103":14,"104":1,"105":1},"f":{"0":3,"1":9,"2":2,"3":3,"4":3,"5":3,"6":4,"7":0,"8":1,"9":1,"10":1},"b":{"0":[1,2],"1":[1,2],"2":[1,8],"3":[1,7],"4":[1,6],"5":[1,0],"6":[3,3],"7":[1,2],"8":[1,0],"9":[1,1],"10":[1,1],"11":[3,0],"12":[1,2],"13":[1,1],"14":[1,1],"15":[1,2],"16":[1,1],"17":[1,2],"18":[1,1],"19":[1,2],"20":[1,1],"21":[1,3],"22":[1,2],"23":[1,1],"24":[0,1]},"inputSourceMap":null,"_coverageSchema":"1a1c01bbd47fc00a2c39e90264f33305004495a9","hash":"10970ea255d273732d2a5a2399024b3e5124f0ab"}
,"C:\\Users\\jjose\\Documents\\proyectos\\TFG\\foro-sist-gam\\server\\utils\\apiErrors.js": {"path":"C:\\Users\\jjose\\Documents\\proyectos\\TFG\\foro-sist-gam\\server\\utils\\apiErrors.js","statementMap":{"0":{"start":{"line":3,"column":25},"end":{"line":252,"column":1}}},"fnMap":{},"branchMap":{},"s":{"0":14},"f":{},"b":{},"inputSourceMap":null,"_coverageSchema":"1a1c01bbd47fc00a2c39e90264f33305004495a9","hash":"f3293410bb2364b82e3fde668d0eb3c52d7918ae"}
,"C:\\Users\\jjose\\Documents\\proyectos\\TFG\\foro-sist-gam\\server\\utils\\cloudinary.js": {"path":"C:\\Users\\jjose\\Documents\\proyectos\\TFG\\foro-sist-gam\\server\\utils\\cloudinary.js","statementMap":{"0":{"start":{"line":8,"column":0},"end":{"line":13,"column":5}},"1":{"start":{"line":15,"column":0},"end":{"line":15,"column":19}},"2":{"start":{"line":17,"column":22},"end":{"line":17,"column":38}},"3":{"start":{"line":18,"column":10},"end":{"line":23,"column":1}},"4":{"start":{"line":26,"column":4},"end":{"line":71,"column":5}},"5":{"start":{"line":29,"column":8},"end":{"line":49,"column":9}},"6":{"start":{"line":30,"column":12},"end":{"line":30,"column":44}},"7":{"start":{"line":32,"column":12},"end":{"line":34,"column":13}},"8":{"start":{"line":33,"column":16},"end":{"line":33,"column":124}},"9":{"start":{"line":36,"column":12},"end":{"line":39,"column":14}},"10":{"start":{"line":41,"column":12},"end":{"line":41,"column":75}},"11":{"start":{"line":42,"column":12},"end":{"line":42,"column":48}},"12":{"start":{"line":44,"column":12},"end":{"line":48,"column":13}},"13":{"start":{"line":45,"column":16},"end":{"line":45,"column":45}},"14":{"start":{"line":47,"column":16},"end":{"line":47,"column":135}},"15":{"start":{"line":51,"column":21},"end":{"line":51,"column":57}},"16":{"start":{"line":52,"column":8},"end":{"line":54,"column":9}},"17":{"start":{"line":53,"column":12},"end":{"line":53,"column":40}},"18":{"start":{"line":56,"column":21},"end":{"line":59,"column":10}},"19":{"start":{"line":61,"column":8},"end":{"line":63,"column":9}},"20":{"start":{"line":62,"column":12},"end":{"line":62,"column":42}},"21":{"start":{"line":65,"column":8},"end":{"line":65,"column":22}},"22":{"start":{"line":68,"column":8},"end":{"line":68,"column":71}},"23":{"start":{"line":69,"column":8},"end":{"line":69,"column":53}},"24":{"start":{"line":70,"column":8},"end":{"line":70,"column":36}},"25":{"start":{"line":76,"column":4},"end":{"line":76,"column":54}},"26":{"start":{"line":80,"column":4},"end":{"line":80,"column":51}},"27":{"start":{"line":84,"column":4},"end":{"line":84,"column":64}}},"fnMap":{"0":{"name":"uploadImage","decl":{"start":{"line":25,"column":22},"end":{"line":25,"column":33}},"loc":{"start":{"line":25,"column":71},"end":{"line":73,"column":1}},"line":25},"1":{"name":"deleteImage","decl":{"start":{"line":75,"column":22},"end":{"line":75,"column":33}},"loc":{"start":{"line":75,"column":44},"end":{"line":77,"column":1}},"line":75},"2":{"name":"deleteFolder","decl":{"start":{"line":79,"column":22},"end":{"line":79,"column":34}},"loc":{"start":{"line":79,"column":41},"end":{"line":81,"column":1}},"line":79},"3":{"name":"deleteImages","decl":{"start":{"line":83,"column":22},"end":{"line":83,"column":34}},"loc":{"start":{"line":83,"column":41},"end":{"line":85,"column":1}},"line":83}},"branchMap":{"0":{"loc":{"start":{"line":25,"column":50},"end":{"line":25,"column":61}},"type":"default-arg","locations":[{"start":{"line":25,"column":57},"end":{"line":25,"column":61}}],"line":25},"1":{"loc":{"start":{"line":29,"column":8},"end":{"line":49,"column":9}},"type":"if","locations":[{"start":{"line":29,"column":8},"end":{"line":49,"column":9}},{"start":{"line":35,"column":13},"end":{"line":49,"column":9}}],"line":29},"2":{"loc":{"start":{"line":32,"column":12},"end":{"line":34,"column":13}},"type":"if","locations":[{"start":{"line":32,"column":12},"end":{"line":34,"column":13}},{"start":{},"end":{}}],"line":32},"3":{"loc":{"start":{"line":44,"column":12},"end":{"line":48,"column":13}},"type":"if","locations":[{"start":{"line":44,"column":12},"end":{"line":48,"column":13}},{"start":{},"end":{}}],"line":44},"4":{"loc":{"start":{"line":52,"column":8},"end":{"line":54,"column":9}},"type":"if","locations":[{"start":{"line":52,"column":8},"end":{"line":54,"column":9}},{"start":{},"end":{}}],"line":52},"5":{"loc":{"start":{"line":61,"column":8},"end":{"line":63,"column":9}},"type":"if","locations":[{"start":{"line":61,"column":8},"end":{"line":63,"column":9}},{"start":{},"end":{}}],"line":61}},"s":{"0":14,"1":14,"2":14,"3":14,"4":16,"5":16,"6":0,"7":0,"8":0,"9":16,"10":16,"11":16,"12":16,"13":0,"14":0,"15":16,"16":16,"17":8,"18":16,"19":16,"20":16,"21":16,"22":0,"23":0,"24":0,"25":10,"26":1,"27":7},"f":{"0":16,"1":10,"2":1,"3":7},"b":{"0":[0],"1":[0,16],"2":[0,0],"3":[0,16],"4":[8,8],"5":[16,0]},"inputSourceMap":null,"_coverageSchema":"1a1c01bbd47fc00a2c39e90264f33305004495a9","hash":"088eae7686051bbbebc1e172f4a41835185f01fd"}
,"C:\\Users\\jjose\\Documents\\proyectos\\TFG\\foro-sist-gam\\server\\utils\\namedEntitySchema.js": {"path":"C:\\Users\\jjose\\Documents\\proyectos\\TFG\\foro-sist-gam\\server\\utils\\namedEntitySchema.js","statementMap":{"0":{"start":{"line":3,"column":37},"end":{"line":3,"column":47}},"1":{"start":{"line":4,"column":38},"end":{"line":4,"column":55}},"2":{"start":{"line":7,"column":29},"end":{"line":12,"column":1}},"3":{"start":{"line":8,"column":4},"end":{"line":11,"column":68}},"4":{"start":{"line":15,"column":27},"end":{"line":28,"column":2}},"5":{"start":{"line":30,"column":0},"end":{"line":30,"column":35}}},"fnMap":{"0":{"name":"(anonymous_0)","decl":{"start":{"line":7,"column":29},"end":{"line":7,"column":30}},"loc":{"start":{"line":7,"column":38},"end":{"line":12,"column":1}},"line":7}},"branchMap":{},"s":{"0":14,"1":14,"2":14,"3":11,"4":14,"5":14},"f":{"0":11},"b":{},"inputSourceMap":null,"_coverageSchema":"1a1c01bbd47fc00a2c39e90264f33305004495a9","hash":"93abe1b586fe507213b2c716658e7d54daa9ffba"}
,"C:\\Users\\jjose\\Documents\\proyectos\\TFG\\foro-sist-gam\\server\\utils\\tokenManager.js": {"path":"C:\\Users\\jjose\\Documents\\proyectos\\TFG\\foro-sist-gam\\server\\utils\\tokenManager.js","statementMap":{"0":{"start":{"line":4,"column":29},"end":{"line":15,"column":1}},"1":{"start":{"line":5,"column":22},"end":{"line":5,"column":29}},"2":{"start":{"line":6,"column":4},"end":{"line":14,"column":5}},"3":{"start":{"line":7,"column":24},"end":{"line":7,"column":32}},"4":{"start":{"line":8,"column":22},"end":{"line":10,"column":10}},"5":{"start":{"line":11,"column":8},"end":{"line":11,"column":36}},"6":{"start":{"line":13,"column":8},"end":{"line":13,"column":27}},"7":{"start":{"line":17,"column":34},"end":{"line":23,"column":1}},"8":{"start":{"line":18,"column":22},"end":{"line":18,"column":39}},"9":{"start":{"line":20,"column":4},"end":{"line":22,"column":11}},"10":{"start":{"line":25,"column":36},"end":{"line":40,"column":1}},"11":{"start":{"line":26,"column":22},"end":{"line":26,"column":39}},"12":{"start":{"line":27,"column":4},"end":{"line":39,"column":5}},"13":{"start":{"line":31,"column":29},"end":{"line":31,"column":52}},"14":{"start":{"line":32,"column":8},"end":{"line":36,"column":11}},"15":{"start":{"line":38,"column":8},"end":{"line":38,"column":27}},"16":{"start":{"line":42,"column":39},"end":{"line":49,"column":1}}},"fnMap":{"0":{"name":"(anonymous_0)","decl":{"start":{"line":4,"column":29},"end":{"line":4,"column":30}},"loc":{"start":{"line":4,"column":45},"end":{"line":15,"column":1}},"line":4},"1":{"name":"(anonymous_1)","decl":{"start":{"line":17,"column":34},"end":{"line":17,"column":35}},"loc":{"start":{"line":17,"column":43},"end":{"line":23,"column":1}},"line":17},"2":{"name":"(anonymous_2)","decl":{"start":{"line":25,"column":36},"end":{"line":25,"column":37}},"loc":{"start":{"line":25,"column":50},"end":{"line":40,"column":1}},"line":25}},"branchMap":{},"s":{"0":14,"1":22,"2":22,"3":22,"4":22,"5":22,"6":0,"7":14,"8":6,"9":6,"10":14,"11":4,"12":4,"13":4,"14":4,"15":0,"16":14},"f":{"0":22,"1":6,"2":4},"b":{},"inputSourceMap":null,"_coverageSchema":"1a1c01bbd47fc00a2c39e90264f33305004495a9","hash":"11afb1d1fea31a6e6f77f881305a4400575d23b8"}
}
