TN:
SF:app.js
FN:41,(anonymous_0)
FNF:1
FNH:1
FNDA:153,(anonymous_0)
DA:33,14
DA:35,14
DA:36,14
DA:37,14
DA:40,14
DA:42,153
DA:43,153
DA:45,0
DA:49,14
DA:50,14
DA:51,14
DA:54,14
DA:56,14
DA:59,14
DA:60,14
DA:61,14
DA:62,14
DA:63,14
DA:64,14
DA:65,14
DA:66,14
DA:67,14
DA:68,14
DA:69,14
DA:70,14
DA:71,14
DA:72,14
DA:75,14
DA:76,14
DA:78,14
DA:79,14
LF:31
LH:30
BRDA:42,0,0,153
BRDA:42,0,1,0
BRDA:42,1,0,153
BRDA:42,1,1,0
BRF:4
BRH:2
end_of_record
TN:
SF:config\db.js
FN:4,connectDB
FNF:1
FNH:1
FNDA:14,connectDB
DA:5,14
DA:6,14
DA:7,14
DA:8,14
DA:10,14
DA:14,14
DA:16,0
DA:17,0
LF:8
LH:6
BRDA:7,0,0,14
BRDA:7,0,1,0
BRF:2
BRH:1
end_of_record
TN:
SF:controllers\Authenticaction.controllers.js
FN:5,(anonymous_0)
FN:18,(anonymous_1)
FN:35,(anonymous_2)
FN:46,(anonymous_3)
FNF:4
FNH:4
FNDA:5,(anonymous_0)
FNDA:5,(anonymous_1)
FNDA:2,(anonymous_2)
FNDA:1,(anonymous_3)
DA:5,14
DA:7,5
DA:8,5
DA:9,2
DA:10,2
DA:12,2
DA:14,3
DA:18,14
DA:19,5
DA:20,5
DA:21,2
DA:22,2
DA:23,2
DA:25,2
DA:26,2
DA:28,2
DA:30,3
DA:35,14
DA:36,2
DA:37,2
DA:38,1
DA:40,1
DA:42,1
DA:46,14
DA:47,1
DA:48,1
DA:49,1
DA:50,1
DA:51,1
DA:53,1
DA:56,0
DA:57,0
LF:32
LH:30
BRF:0
BRH:0
end_of_record
TN:
SF:controllers\Category.controllers.js
FN:3,(anonymous_0)
FN:13,(anonymous_1)
FN:28,(anonymous_2)
FN:39,(anonymous_3)
FNF:4
FNH:4
FNDA:1,(anonymous_0)
FNDA:2,(anonymous_1)
FNDA:2,(anonymous_2)
FNDA:2,(anonymous_3)
DA:3,14
DA:4,1
DA:5,1
DA:7,1
DA:9,0
DA:13,14
DA:14,2
DA:15,2
DA:17,1
DA:18,1
DA:24,1
DA:28,14
DA:29,2
DA:30,2
DA:31,2
DA:32,1
DA:35,1
DA:39,14
DA:40,2
DA:41,2
DA:42,1
DA:44,1
LF:22
LH:21
BRF:0
BRH:0
end_of_record
TN:
SF:controllers\Game.controllers.js
FN:4,(anonymous_0)
FN:14,(anonymous_1)
FN:18,(anonymous_2)
FN:37,(anonymous_3)
FN:58,(anonymous_4)
FN:71,(anonymous_5)
FN:82,(anonymous_6)
FN:94,(anonymous_7)
FN:101,(anonymous_8)
FN:133,(anonymous_9)
FN:152,(anonymous_10)
FN:164,(anonymous_11)
FN:174,(anonymous_12)
FNF:13
FNH:11
FNDA:2,(anonymous_0)
FNDA:7,(anonymous_1)
FNDA:2,(anonymous_2)
FNDA:4,(anonymous_3)
FNDA:3,(anonymous_4)
FNDA:2,(anonymous_5)
FNDA:2,(anonymous_6)
FNDA:0,(anonymous_7)
FNDA:0,(anonymous_8)
FNDA:1,(anonymous_9)
FNDA:2,(anonymous_10)
FNDA:1,(anonymous_11)
FNDA:1,(anonymous_12)
DA:4,14
DA:5,2
DA:6,2
DA:7,2
DA:9,2
DA:10,2
DA:13,2
DA:14,7
DA:18,14
DA:19,2
DA:20,2
DA:21,2
DA:22,1
DA:26,1
DA:28,1
DA:33,1
DA:37,14
DA:38,4
DA:39,4
DA:41,4
DA:42,4
DA:43,1
DA:45,1
DA:49,1
DA:54,3
DA:58,14
DA:59,3
DA:60,3
DA:61,3
DA:63,3
DA:65,1
DA:67,2
DA:71,14
DA:72,2
DA:73,2
DA:75,2
DA:76,1
DA:78,1
DA:82,14
DA:83,2
DA:84,2
DA:85,2
DA:86,2
DA:87,2
DA:88,2
DA:89,2
DA:90,2
DA:92,2
DA:93,1
DA:94,0
DA:96,1
DA:99,2
DA:100,1
DA:101,0
DA:103,1
DA:106,2
DA:107,0
DA:108,0
DA:110,0
DA:113,2
DA:114,0
DA:115,0
DA:117,0
DA:119,2
DA:120,2
DA:121,2
DA:122,2
DA:123,2
DA:124,2
DA:125,2
DA:126,2
DA:127,2
DA:129,2
DA:131,2
DA:133,2
DA:134,1
DA:136,6
DA:138,1
DA:140,2
DA:147,0
DA:152,14
DA:153,2
DA:154,2
DA:155,2
DA:157,1
DA:159,1
DA:164,14
DA:165,1
DA:166,1
DA:167,1
DA:168,1
DA:170,0
DA:174,14
DA:175,1
DA:176,1
DA:177,1
DA:179,0
LF:97
LH:86
BRDA:6,0,0,2
BRDA:6,0,1,0
BRDA:9,1,0,2
BRDA:9,1,1,0
BRDA:84,2,0,2
BRDA:84,2,1,2
BRDA:85,3,0,2
BRDA:85,3,1,2
BRDA:92,4,0,1
BRDA:92,4,1,1
BRDA:93,5,0,0
BRDA:93,5,1,1
BRDA:99,6,0,1
BRDA:99,6,1,1
BRDA:100,7,0,0
BRDA:100,7,1,1
BRDA:106,8,0,0
BRDA:106,8,1,2
BRDA:107,9,0,0
BRDA:107,9,1,0
BRDA:113,10,0,0
BRDA:113,10,1,2
BRDA:114,11,0,0
BRDA:114,11,1,0
BRDA:121,12,0,0
BRDA:121,12,1,2
BRDA:123,13,0,0
BRDA:123,13,1,2
BRDA:126,14,0,0
BRDA:126,14,1,2
BRDA:127,15,0,0
BRDA:127,15,1,2
BRDA:129,16,0,0
BRDA:129,16,1,2
BRF:34
BRH:19
end_of_record
TN:
SF:controllers\Genre.controllers.js
FN:4,(anonymous_0)
FN:14,(anonymous_1)
FN:26,(anonymous_2)
FNF:3
FNH:3
FNDA:1,(anonymous_0)
FNDA:2,(anonymous_1)
FNDA:2,(anonymous_2)
DA:4,14
DA:5,1
DA:6,1
DA:8,1
DA:10,0
DA:14,14
DA:15,2
DA:16,2
DA:18,1
DA:22,1
DA:26,14
DA:27,2
DA:28,2
DA:30,2
DA:31,1
DA:33,1
LF:16
LH:15
BRF:0
BRH:0
end_of_record
TN:
SF:controllers\Platform.controllers.js
FN:4,(anonymous_0)
FN:14,(anonymous_1)
FN:26,(anonymous_2)
FNF:3
FNH:3
FNDA:1,(anonymous_0)
FNDA:2,(anonymous_1)
FNDA:2,(anonymous_2)
DA:4,14
DA:5,1
DA:6,1
DA:8,1
DA:10,0
DA:14,14
DA:15,2
DA:16,2
DA:18,1
DA:22,1
DA:26,14
DA:27,2
DA:28,2
DA:29,2
DA:30,1
DA:32,1
LF:16
LH:15
BRF:0
BRH:0
end_of_record
TN:
SF:controllers\Post.controllers.js
FN:3,(anonymous_0)
FN:17,(anonymous_1)
FN:29,(anonymous_2)
FNF:3
FNH:3
FNDA:5,(anonymous_0)
FNDA:2,(anonymous_1)
FNDA:1,(anonymous_2)
DA:3,14
DA:4,5
DA:5,5
DA:6,5
DA:7,5
DA:9,5
DA:11,4
DA:13,1
DA:17,14
DA:18,2
DA:19,2
DA:20,2
DA:21,2
DA:22,2
DA:23,1
DA:25,1
DA:29,14
DA:30,1
DA:31,1
DA:32,1
DA:33,1
DA:35,1
DA:37,0
LF:23
LH:22
BRF:0
BRH:0
end_of_record
TN:
SF:controllers\Question.controllers.js
FN:4,(anonymous_0)
FN:16,shuffle
FN:32,(anonymous_2)
FN:54,(anonymous_3)
FN:77,(anonymous_4)
FN:97,(anonymous_5)
FNF:6
FNH:5
FNDA:1,(anonymous_0)
FNDA:0,shuffle
FNDA:2,(anonymous_2)
FNDA:1,(anonymous_3)
FNDA:2,(anonymous_4)
FNDA:2,(anonymous_5)
DA:4,14
DA:5,1
DA:8,1
DA:10,1
DA:12,0
DA:17,0
DA:20,0
DA:23,0
DA:24,0
DA:27,0
DA:32,14
DA:33,2
DA:34,2
DA:36,1
DA:37,1
DA:39,0
DA:41,0
DA:43,0
DA:44,0
DA:45,0
DA:47,0
DA:50,1
DA:54,14
DA:55,1
DA:56,1
DA:65,1
DA:66,1
DA:68,1
DA:73,0
DA:77,14
DA:78,2
DA:79,2
DA:80,2
DA:87,2
DA:88,1
DA:89,1
DA:93,1
DA:97,14
DA:98,2
DA:99,2
DA:100,1
DA:102,1
LF:42
LH:29
BRDA:36,0,0,1
BRDA:36,0,1,0
BRF:2
BRH:1
end_of_record
TN:
SF:controllers\Quiz.controllers.js
FN:3,(anonymous_0)
FN:34,(anonymous_1)
FN:50,(anonymous_2)
FN:59,(anonymous_3)
FN:83,(anonymous_4)
FN:92,(anonymous_5)
FNF:6
FNH:6
FNDA:2,(anonymous_0)
FNDA:2,(anonymous_1)
FNDA:1,(anonymous_2)
FNDA:2,(anonymous_3)
FNDA:2,(anonymous_4)
FNDA:1,(anonymous_5)
DA:3,14
DA:4,2
DA:13,2
DA:23,2
DA:24,1
DA:25,1
DA:30,1
DA:34,14
DA:35,2
DA:36,2
DA:37,2
DA:38,2
DA:39,2
DA:40,2
DA:42,2
DA:44,2
DA:46,0
DA:50,14
DA:51,1
DA:52,1
DA:53,1
DA:55,0
DA:59,14
DA:60,2
DA:71,2
DA:72,1
DA:74,1
DA:79,1
DA:83,14
DA:84,2
DA:85,2
DA:86,1
DA:88,1
DA:92,14
DA:93,1
DA:94,1
DA:95,1
DA:97,0
LF:38
LH:35
BRDA:36,0,0,2
BRDA:36,0,1,2
BRDA:38,1,0,0
BRDA:38,1,1,2
BRDA:39,2,0,0
BRDA:39,2,1,2
BRF:6
BRH:4
end_of_record
TN:
SF:controllers\QuizSession.controllers.js
FN:3,(anonymous_0)
FN:22,(anonymous_1)
FN:47,(anonymous_2)
FN:64,(anonymous_3)
FNF:4
FNH:3
FNDA:1,(anonymous_0)
FNDA:0,(anonymous_1)
FNDA:1,(anonymous_2)
FNDA:1,(anonymous_3)
DA:3,14
DA:4,1
DA:5,1
DA:7,1
DA:9,1
DA:18,0
DA:22,14
DA:23,0
DA:24,0
DA:25,0
DA:26,0
DA:27,0
DA:28,0
DA:29,0
DA:35,0
DA:43,0
DA:47,14
DA:48,1
DA:49,1
DA:50,1
DA:51,1
DA:60,0
DA:64,14
DA:65,1
DA:66,1
DA:67,1
DA:69,0
LF:27
LH:15
BRDA:28,0,0,0
BRDA:28,0,1,0
BRF:2
BRH:0
end_of_record
TN:
SF:controllers\Reply.controllers.js
FN:4,(anonymous_0)
FN:16,(anonymous_1)
FN:25,(anonymous_2)
FN:44,(anonymous_3)
FNF:4
FNH:4
FNDA:3,(anonymous_0)
FNDA:2,(anonymous_1)
FNDA:4,(anonymous_2)
FNDA:4,(anonymous_3)
DA:4,14
DA:5,3
DA:6,3
DA:7,3
DA:9,1
DA:12,2
DA:16,14
DA:17,2
DA:18,2
DA:19,2
DA:21,2
DA:23,1
DA:25,1
DA:26,4
DA:28,4
DA:29,1
DA:32,4
DA:34,1
DA:40,1
DA:44,14
DA:45,4
DA:46,4
DA:47,4
DA:49,4
DA:51,1
DA:53,3
LF:26
LH:26
BRDA:18,0,0,2
BRDA:18,0,1,2
BRDA:19,1,0,0
BRDA:19,1,1,2
BRDA:28,2,0,1
BRDA:28,2,1,3
BRDA:28,3,0,4
BRDA:28,3,1,1
BRF:8
BRH:7
end_of_record
TN:
SF:controllers\Report.controllers.js
FN:3,(anonymous_0)
FN:12,(anonymous_1)
FN:21,(anonymous_2)
FNF:3
FNH:3
FNDA:3,(anonymous_0)
FNDA:2,(anonymous_1)
FNDA:1,(anonymous_2)
DA:3,14
DA:4,3
DA:5,3
DA:6,1
DA:8,2
DA:12,14
DA:13,2
DA:14,2
DA:15,1
DA:17,1
DA:21,14
DA:22,1
DA:24,1
DA:26,1
DA:29,0
LF:15
LH:14
BRF:0
BRH:0
end_of_record
TN:
SF:controllers\Review.controllers.js
FN:3,(anonymous_0)
FN:27,(anonymous_1)
FN:43,(anonymous_2)
FN:62,(anonymous_3)
FN:80,(anonymous_4)
FN:104,(anonymous_5)
FNF:6
FNH:6
FNDA:3,(anonymous_0)
FNDA:2,(anonymous_1)
FNDA:1,(anonymous_2)
FNDA:2,(anonymous_3)
FNDA:4,(anonymous_4)
FNDA:4,(anonymous_5)
DA:3,14
DA:4,3
DA:5,3
DA:19,3
DA:21,1
DA:23,2
DA:27,14
DA:28,2
DA:29,2
DA:30,2
DA:31,2
DA:32,2
DA:33,2
DA:34,2
DA:36,2
DA:37,2
DA:39,2
DA:41,2
DA:42,1
DA:43,1
DA:44,1
DA:46,1
DA:47,0
DA:50,1
DA:52,1
DA:58,1
DA:62,14
DA:63,2
DA:64,2
DA:66,2
DA:67,1
DA:68,1
DA:70,1
DA:71,0
DA:74,1
DA:76,1
DA:80,14
DA:81,4
DA:82,4
DA:84,4
DA:96,4
DA:98,1
DA:100,3
DA:104,14
DA:105,4
DA:106,4
DA:107,1
DA:109,3
LF:48
LH:46
BRDA:30,0,0,2
BRDA:30,0,1,2
BRDA:31,1,0,2
BRDA:31,1,1,2
BRDA:33,2,0,0
BRDA:33,2,1,2
BRDA:36,3,0,0
BRDA:36,3,1,2
BRDA:37,4,0,0
BRDA:37,4,1,2
BRDA:39,5,0,0
BRDA:39,5,1,2
BRDA:46,6,0,0
BRDA:46,6,1,1
BRDA:46,7,0,1
BRDA:46,7,1,0
BRDA:70,8,0,0
BRDA:70,8,1,1
BRDA:70,9,0,1
BRDA:70,9,1,0
BRF:20
BRH:12
end_of_record
TN:
SF:controllers\Tag.controllers.js
FN:3,(anonymous_0)
FN:12,(anonymous_1)
FN:23,(anonymous_2)
FNF:3
FNH:3
FNDA:1,(anonymous_0)
FNDA:2,(anonymous_1)
FNDA:2,(anonymous_2)
DA:3,14
DA:4,1
DA:5,1
DA:6,1
DA:8,0
DA:12,14
DA:13,2
DA:14,2
DA:15,1
DA:19,1
DA:23,14
DA:24,2
DA:25,2
DA:26,1
DA:28,1
LF:15
LH:14
BRF:0
BRH:0
end_of_record
TN:
SF:controllers\Thread.controllers.js
FN:4,(anonymous_0)
FN:24,(anonymous_1)
FN:64,(anonymous_2)
FN:80,(anonymous_3)
FN:99,(anonymous_4)
FN:124,(anonymous_5)
FNF:6
FNH:6
FNDA:2,(anonymous_0)
FNDA:2,(anonymous_1)
FNDA:5,(anonymous_2)
FNDA:2,(anonymous_3)
FNDA:2,(anonymous_4)
FNDA:1,(anonymous_5)
DA:4,14
DA:5,2
DA:6,2
DA:12,2
DA:14,1
DA:20,1
DA:24,14
DA:25,2
DA:26,2
DA:27,2
DA:28,2
DA:29,2
DA:30,2
DA:31,2
DA:33,2
DA:34,0
DA:35,0
DA:37,0
DA:39,2
DA:40,0
DA:41,0
DA:43,0
DA:45,2
DA:46,2
DA:47,2
DA:49,2
DA:51,2
DA:52,2
DA:54,2
DA:56,2
DA:58,2
DA:60,0
DA:64,14
DA:65,5
DA:66,5
DA:68,5
DA:72,5
DA:74,1
DA:76,4
DA:80,14
DA:81,2
DA:82,2
DA:84,2
DA:86,1
DA:87,1
DA:89,1
DA:90,0
DA:93,1
DA:95,1
DA:99,14
DA:100,2
DA:101,2
DA:102,2
DA:109,2
DA:111,1
DA:120,1
DA:124,14
DA:125,1
DA:126,1
DA:128,1
DA:130,0
LF:61
LH:52
BRDA:26,0,0,2
BRDA:26,0,1,2
BRDA:27,1,0,2
BRDA:27,1,1,2
BRDA:33,2,0,0
BRDA:33,2,1,2
BRDA:34,3,0,0
BRDA:34,3,1,0
BRDA:39,4,0,0
BRDA:39,4,1,2
BRDA:40,5,0,0
BRDA:40,5,1,0
BRDA:46,6,0,0
BRDA:46,6,1,2
BRDA:47,7,0,0
BRDA:47,7,1,2
BRDA:51,8,0,0
BRDA:51,8,1,2
BRDA:52,9,0,0
BRDA:52,9,1,2
BRDA:54,10,0,0
BRDA:54,10,1,2
BRDA:89,11,0,0
BRDA:89,11,1,1
BRDA:89,12,0,1
BRDA:89,12,1,0
BRF:26
BRH:13
end_of_record
TN:
SF:controllers\User.controllers.js
FN:8,(anonymous_0)
FN:18,(anonymous_1)
FN:32,(anonymous_2)
FN:51,(anonymous_3)
FN:65,(anonymous_4)
FN:78,(anonymous_5)
FN:92,(anonymous_6)
FN:101,(anonymous_7)
FNF:8
FNH:8
FNDA:3,(anonymous_0)
FNDA:9,(anonymous_1)
FNDA:3,(anonymous_2)
FNDA:3,(anonymous_3)
FNDA:3,(anonymous_4)
FNDA:4,(anonymous_5)
FNDA:1,(anonymous_6)
FNDA:1,(anonymous_7)
DA:8,14
DA:9,3
DA:10,3
DA:11,3
DA:12,2
DA:14,1
DA:18,14
DA:19,9
DA:20,9
DA:21,9
DA:23,2
DA:28,7
DA:32,14
DA:33,3
DA:34,3
DA:35,3
DA:37,3
DA:38,0
DA:41,3
DA:42,1
DA:47,2
DA:51,14
DA:52,3
DA:53,3
DA:55,3
DA:56,1
DA:61,2
DA:65,14
DA:66,3
DA:67,3
DA:69,3
DA:70,1
DA:71,1
DA:72,1
DA:74,2
DA:78,14
DA:79,4
DA:80,4
DA:82,4
DA:83,1
DA:84,1
DA:86,1
DA:88,3
DA:92,14
DA:93,1
DA:94,1
DA:95,1
DA:97,0
DA:101,14
DA:102,1
DA:103,1
DA:104,1
DA:106,0
LF:53
LH:50
BRDA:37,0,0,0
BRDA:37,0,1,3
BRF:2
BRH:1
end_of_record
TN:
SF:middlewares\Category.validators.js
FNF:0
FNH:0
DA:4,14
LF:1
LH:1
BRF:0
BRH:0
end_of_record
TN:
SF:middlewares\Game.validators.js
FN:23,(anonymous_0)
FNF:1
FNH:1
FNDA:6,(anonymous_0)
DA:4,14
DA:11,14
DA:23,6
DA:41,14
LF:4
LH:4
BRF:0
BRH:0
end_of_record
TN:
SF:middlewares\Post.validators.js
FNF:0
FNH:0
DA:3,14
DA:13,14
DA:22,14
LF:3
LH:3
BRF:0
BRH:0
end_of_record
TN:
SF:middlewares\Question.validators.js
FN:33,(anonymous_0)
FNF:1
FNH:1
FNDA:3,(anonymous_0)
DA:3,14
DA:17,14
DA:33,3
LF:3
LH:3
BRDA:33,0,0,3
BRDA:33,0,1,3
BRF:2
BRH:2
end_of_record
TN:
SF:middlewares\Quiz.validators.js
FNF:0
FNH:0
DA:5,14
LF:1
LH:1
BRF:0
BRH:0
end_of_record
TN:
SF:middlewares\Reply.validators.js
FNF:0
FNH:0
DA:4,14
LF:1
LH:1
BRF:0
BRH:0
end_of_record
TN:
SF:middlewares\Report.validators.js
FNF:0
FNH:0
DA:3,14
LF:1
LH:1
BRF:0
BRH:0
end_of_record
TN:
SF:middlewares\Review.validators.js
FN:4,(anonymous_0)
FNF:1
FNH:1
FNDA:84,(anonymous_0)
DA:4,14
DA:5,84
DA:11,14
LF:3
LH:3
BRF:0
BRH:0
end_of_record
TN:
SF:middlewares\Thread.validators.js
FNF:0
FNH:0
DA:5,14
DA:11,14
DA:16,14
DA:25,14
LF:4
LH:4
BRF:0
BRH:0
end_of_record
TN:
SF:middlewares\User.validators.js
FN:34,(anonymous_0)
FN:51,(anonymous_1)
FNF:2
FNH:2
FNDA:3,(anonymous_0)
FNDA:9,(anonymous_1)
DA:7,14
DA:27,14
DA:34,3
DA:37,14
DA:51,9
DA:54,14
LF:6
LH:6
BRF:0
BRH:0
end_of_record
TN:
SF:middlewares\cleanUpUploads.js
FN:2,(anonymous_0)
FN:13,(anonymous_1)
FN:15,(anonymous_2)
FN:19,(anonymous_3)
FNF:4
FNH:4
FNDA:76,(anonymous_0)
FNDA:7,(anonymous_1)
FNDA:3,(anonymous_2)
FNDA:18,(anonymous_3)
DA:2,14
DA:3,76
DA:4,58
DA:7,18
DA:9,18
DA:10,0
DA:12,18
DA:13,14
DA:15,4
DA:17,18
DA:18,18
DA:19,18
DA:22,0
DA:25,18
LF:14
LH:12
BRDA:3,0,0,58
BRDA:3,0,1,18
BRDA:3,1,0,76
BRDA:3,1,1,58
BRDA:9,2,0,0
BRDA:9,2,1,18
BRDA:12,3,0,14
BRDA:12,3,1,4
BRF:8
BRH:7
end_of_record
TN:
SF:middlewares\commonValidators.js
FN:20,(anonymous_0)
FN:39,(anonymous_1)
FN:71,(anonymous_2)
FN:91,(anonymous_3)
FN:92,(anonymous_4)
FN:101,(anonymous_5)
FN:116,(anonymous_6)
FN:136,(anonymous_7)
FN:137,(anonymous_8)
FNF:9
FNH:9
FNDA:546,(anonymous_0)
FNDA:112,(anonymous_1)
FNDA:6,(anonymous_2)
FNDA:28,(anonymous_3)
FNDA:6,(anonymous_4)
FNDA:6,(anonymous_5)
FNDA:23,(anonymous_6)
FNDA:98,(anonymous_7)
FNDA:23,(anonymous_8)
DA:4,14
DA:20,14
DA:21,546
DA:33,14
DA:39,14
DA:40,112
DA:51,112
DA:55,14
DA:63,14
DA:71,14
DA:72,6
DA:73,0
DA:76,6
DA:77,2
DA:78,0
DA:81,2
DA:82,0
DA:85,4
DA:86,0
DA:91,14
DA:92,28
DA:93,6
DA:94,6
DA:95,6
DA:97,0
DA:101,14
DA:102,6
DA:103,6
DA:104,0
DA:107,6
DA:108,14
DA:109,0
DA:113,6
DA:116,14
DA:117,23
DA:118,23
DA:119,0
DA:122,23
DA:123,4
DA:124,0
DA:126,4
DA:127,0
DA:130,19
DA:131,0
DA:136,14
DA:137,98
DA:138,23
DA:139,23
DA:140,23
DA:142,0
LF:50
LH:38
BRDA:72,0,0,0
BRDA:72,0,1,6
BRDA:76,1,0,2
BRDA:76,1,1,4
BRDA:77,2,0,0
BRDA:77,2,1,2
BRDA:81,3,0,0
BRDA:81,3,1,2
BRDA:85,4,0,0
BRDA:85,4,1,4
BRDA:85,5,0,4
BRDA:85,5,1,2
BRDA:102,6,0,6
BRDA:102,6,1,3
BRDA:103,7,0,0
BRDA:103,7,1,6
BRDA:108,8,0,0
BRDA:108,8,1,14
BRDA:117,9,0,23
BRDA:117,9,1,0
BRDA:118,10,0,0
BRDA:118,10,1,23
BRDA:122,11,0,4
BRDA:122,11,1,19
BRDA:123,12,0,0
BRDA:123,12,1,4
BRDA:126,13,0,0
BRDA:126,13,1,4
BRDA:130,14,0,0
BRDA:130,14,1,19
BRDA:130,15,0,19
BRDA:130,15,1,11
BRF:32
BRH:21
end_of_record
TN:
SF:middlewares\errorHandler.js
FN:2,(anonymous_0)
FN:17,(anonymous_1)
FNF:2
FNH:2
FNDA:76,(anonymous_0)
FNDA:10,(anonymous_1)
DA:2,14
DA:3,76
DA:4,76
DA:5,1
DA:12,75
DA:13,8
DA:17,10
DA:24,67
DA:25,0
DA:32,67
DA:34,67
LF:11
LH:10
BRDA:4,0,0,1
BRDA:4,0,1,75
BRDA:12,1,0,8
BRDA:12,1,1,67
BRDA:24,2,0,0
BRDA:24,2,1,67
BRDA:24,3,0,67
BRDA:24,3,1,0
BRDA:24,3,2,67
BRDA:32,4,0,67
BRDA:32,4,1,0
BRDA:36,5,0,67
BRDA:36,5,1,0
BRDA:37,6,0,67
BRDA:37,6,1,0
BRF:15
BRH:10
end_of_record
TN:
SF:middlewares\multer.js
FN:6,(anonymous_0)
FNF:1
FNH:1
FNDA:33,(anonymous_0)
DA:4,14
DA:7,33
DA:8,33
DA:9,33
DA:13,14
LF:5
LH:5
BRF:0
BRH:0
end_of_record
TN:
SF:middlewares\optionalAuth.js
FN:3,(anonymous_0)
FNF:1
FNH:1
FNDA:9,(anonymous_0)
DA:3,14
DA:4,9
DA:5,9
DA:6,8
DA:9,1
DA:10,1
DA:11,1
DA:12,1
DA:13,1
DA:14,1
DA:20,1
LF:11
LH:11
BRDA:5,0,0,8
BRDA:5,0,1,1
BRF:2
BRH:2
end_of_record
TN:
SF:middlewares\permissions.js
FN:3,(anonymous_0)
FN:15,(anonymous_1)
FNF:2
FNH:2
FNDA:42,(anonymous_0)
FNDA:14,(anonymous_1)
DA:3,14
DA:4,42
DA:5,42
DA:6,42
DA:8,0
DA:11,0
DA:15,14
DA:16,14
DA:17,14
DA:18,14
DA:20,0
DA:23,0
LF:12
LH:8
BRDA:5,0,0,42
BRDA:5,0,1,0
BRDA:17,1,0,14
BRDA:17,1,1,0
BRF:4
BRH:2
end_of_record
TN:
SF:middlewares\requireRefreshToken.js
FN:4,(anonymous_0)
FNF:1
FNH:1
FNDA:2,(anonymous_0)
DA:4,14
DA:5,2
DA:6,2
DA:8,2
DA:9,2
DA:11,2
DA:13,0
LF:7
LH:6
BRF:0
BRH:0
end_of_record
TN:
SF:middlewares\requireToken.js
FN:4,(anonymous_0)
FNF:1
FNH:1
FNDA:116,(anonymous_0)
DA:4,14
DA:5,116
DA:6,116
DA:8,116
DA:9,116
DA:11,116
DA:12,116
DA:13,116
DA:15,116
DA:17,0
LF:10
LH:9
BRF:0
BRH:0
end_of_record
TN:
SF:middlewares\tokenIsInvalid.js
FN:4,(anonymous_0)
FNF:1
FNH:1
FNDA:117,(anonymous_0)
DA:4,14
DA:5,117
DA:6,117
DA:7,117
DA:8,0
DA:10,117
DA:13,0
LF:7
LH:5
BRDA:7,0,0,0
BRDA:7,0,1,117
BRF:2
BRH:1
end_of_record
TN:
SF:middlewares\userIsBanned.js
FN:5,(anonymous_0)
FNF:1
FNH:1
FNDA:60,(anonymous_0)
DA:5,14
DA:6,60
DA:7,60
DA:9,60
DA:10,0
DA:11,0
DA:13,0
DA:14,0
DA:15,0
DA:16,0
DA:19,60
DA:21,0
LF:12
LH:5
BRDA:9,0,0,0
BRDA:9,0,1,60
BRF:2
BRH:1
end_of_record
TN:
SF:middlewares\validateRequest.js
FN:4,(anonymous_0)
FN:10,(anonymous_1)
FNF:2
FNH:2
FNDA:2,(anonymous_0)
FNDA:133,(anonymous_1)
DA:3,14
DA:4,2
DA:10,14
DA:11,133
DA:12,133
DA:13,1
DA:21,132
LF:7
LH:7
BRDA:12,0,0,1
BRDA:12,0,1,132
BRF:2
BRH:2
end_of_record
TN:
SF:models\Category.model.js
FNF:0
FNH:0
DA:7,14
DA:37,14
LF:2
LH:2
BRF:0
BRH:0
end_of_record
TN:
SF:models\Game.model.js
FN:3,possitiveNumber
FN:32,(anonymous_1)
FN:60,(anonymous_2)
FNF:3
FNH:3
FNDA:70,possitiveNumber
FNDA:10,(anonymous_1)
FNDA:10,(anonymous_2)
DA:4,70
DA:7,14
DA:11,14
DA:17,14
DA:32,10
DA:60,10
DA:90,14
DA:91,14
DA:92,14
DA:93,14
DA:95,14
DA:96,14
DA:97,14
DA:98,14
DA:99,14
LF:15
LH:15
BRF:0
BRH:0
end_of_record
TN:
SF:models\Genre.model.js
FNF:0
FNH:0
DA:4,14
LF:1
LH:1
BRF:0
BRH:0
end_of_record
TN:
SF:models\Platform.model.js
FNF:0
FNH:0
DA:4,14
LF:1
LH:1
BRF:0
BRH:0
end_of_record
TN:
SF:models\Post.model.js
FNF:0
FNH:0
DA:3,14
DA:53,14
DA:54,14
DA:55,14
DA:56,14
LF:5
LH:5
BRF:0
BRH:0
end_of_record
TN:
SF:models\Question.model.js
FN:29,(anonymous_0)
FN:41,(anonymous_1)
FNF:2
FNH:2
FNDA:6,(anonymous_0)
FNDA:6,(anonymous_1)
DA:3,14
DA:30,6
DA:41,6
DA:63,14
DA:64,14
DA:66,14
LF:6
LH:6
BRF:0
BRH:0
end_of_record
TN:
SF:models\Quiz.model.js
FN:49,(anonymous_0)
FNF:1
FNH:1
FNDA:3,(anonymous_0)
DA:3,14
DA:24,14
DA:49,3
DA:76,14
DA:77,14
LF:5
LH:5
BRF:0
BRH:0
end_of_record
TN:
SF:models\QuizSession.model.js
FNF:0
FNH:0
DA:3,14
DA:53,14
LF:2
LH:2
BRF:0
BRH:0
end_of_record
TN:
SF:models\Reply.model.js
FNF:0
FNH:0
DA:4,14
DA:12,14
DA:14,14
LF:3
LH:3
BRF:0
BRH:0
end_of_record
TN:
SF:models\Report.model.js
FNF:0
FNH:0
DA:3,14
DA:27,14
LF:2
LH:2
BRF:0
BRH:0
end_of_record
TN:
SF:models\Review.model.js
FNF:0
FNH:0
DA:4,14
DA:14,14
DA:32,14
DA:33,14
LF:4
LH:4
BRF:0
BRH:0
end_of_record
TN:
SF:models\Tag.model.js
FNF:0
FNH:0
DA:5,14
LF:1
LH:1
BRF:0
BRH:0
end_of_record
TN:
SF:models\Thread.model.js
FN:4,possitiveNumber
FNF:1
FNH:1
FNDA:12,possitiveNumber
DA:5,12
DA:8,14
DA:13,14
DA:43,14
DA:44,14
DA:45,14
DA:46,14
DA:47,14
DA:48,14
DA:49,14
LF:10
LH:10
BRF:0
BRH:0
end_of_record
TN:
SF:models\User.model.js
FN:94,(anonymous_0)
FN:102,(anonymous_1)
FNF:2
FNH:2
FNDA:30,(anonymous_0)
FNDA:5,(anonymous_1)
DA:5,14
DA:94,14
DA:95,30
DA:96,24
DA:97,24
DA:99,30
DA:102,14
DA:103,5
DA:104,5
DA:107,14
LF:10
LH:10
BRDA:95,0,0,24
BRDA:95,0,1,6
BRF:2
BRH:2
end_of_record
TN:
SF:models\invalidTokens.model.js
FNF:0
FNH:0
DA:3,14
DA:16,14
LF:2
LH:2
BRF:0
BRH:0
end_of_record
TN:
SF:routes\Authentication.routes.js
FNF:0
FNH:0
DA:11,14
DA:13,14
DA:14,14
DA:17,14
DA:18,14
LF:5
LH:5
BRF:0
BRH:0
end_of_record
TN:
SF:routes\Category.routes.js
FNF:0
FNH:0
DA:11,14
DA:13,14
DA:14,14
DA:15,14
DA:16,14
LF:5
LH:5
BRF:0
BRH:0
end_of_record
TN:
SF:routes\Game.routes.js
FNF:0
FNH:0
DA:14,14
DA:17,14
DA:18,14
DA:19,14
DA:21,14
DA:22,14
DA:23,14
DA:24,14
DA:25,14
DA:27,14
DA:28,14
LF:11
LH:11
BRF:0
BRH:0
end_of_record
TN:
SF:routes\Genre.routes.js
FNF:0
FNH:0
DA:10,14
DA:12,14
DA:16,14
DA:26,14
LF:4
LH:4
BRF:0
BRH:0
end_of_record
TN:
SF:routes\Platform.routes.js
FNF:0
FNH:0
DA:10,14
DA:12,14
DA:13,14
DA:14,14
LF:4
LH:4
BRF:0
BRH:0
end_of_record
TN:
SF:routes\Post.routes.js
FNF:0
FNH:0
DA:15,14
DA:17,14
DA:18,14
DA:19,14
DA:21,14
LF:5
LH:5
BRF:0
BRH:0
end_of_record
TN:
SF:routes\Question.routes.js
FNF:0
FNH:0
DA:12,14
DA:14,14
DA:15,14
DA:16,14
DA:17,14
DA:18,14
LF:6
LH:6
BRF:0
BRH:0
end_of_record
TN:
SF:routes\Quiz.routes.js
FNF:0
FNH:0
DA:13,14
DA:15,14
DA:16,14
DA:17,14
DA:18,14
DA:19,14
DA:20,14
DA:22,14
DA:23,14
DA:24,14
DA:25,14
LF:11
LH:11
BRF:0
BRH:0
end_of_record
TN:
SF:routes\Reply.routes.js
FNF:0
FNH:0
DA:11,14
DA:13,14
LF:2
LH:2
BRF:0
BRH:0
end_of_record
TN:
SF:routes\Report.routes.js
FNF:0
FNH:0
DA:10,14
DA:12,14
DA:13,14
LF:3
LH:3
BRF:0
BRH:0
end_of_record
TN:
SF:routes\Review.routes.js
FNF:0
FNH:0
DA:12,14
DA:14,14
DA:15,14
DA:16,14
LF:4
LH:4
BRF:0
BRH:0
end_of_record
TN:
SF:routes\Tag.routes.js
FNF:0
FNH:0
DA:10,14
DA:12,14
DA:13,14
DA:14,14
LF:4
LH:4
BRF:0
BRH:0
end_of_record
TN:
SF:routes\Thread.routes.js
FNF:0
FNH:0
DA:15,14
DA:17,14
DA:18,14
DA:19,14
DA:20,14
DA:21,14
DA:22,14
DA:24,14
DA:25,14
LF:9
LH:9
BRF:0
BRH:0
end_of_record
TN:
SF:routes\User.routes.js
FNF:0
FNH:0
DA:14,14
DA:16,14
DA:17,14
DA:18,14
DA:19,14
DA:20,14
DA:21,14
DA:22,14
DA:23,14
LF:9
LH:9
BRF:0
BRH:0
end_of_record
TN:
SF:services\Authentication.service.js
FN:7,(anonymous_0)
FN:69,(anonymous_1)
FN:107,(anonymous_2)
FN:119,(anonymous_3)
FNF:4
FNH:4
FNDA:5,(anonymous_0)
FNDA:5,(anonymous_1)
FNDA:3,(anonymous_2)
FNDA:2,(anonymous_3)
DA:7,14
DA:8,5
DA:9,5
DA:16,5
DA:17,2
DA:18,2
DA:19,2
DA:20,2
DA:21,1
DA:23,2
DA:24,1
DA:26,2
DA:28,3
DA:29,1
DA:30,1
DA:31,1
DA:35,1
DA:38,2
DA:48,2
DA:49,2
DA:51,2
DA:52,1
DA:53,1
DA:57,1
DA:59,1
DA:65,2
DA:66,2
DA:69,14
DA:70,5
DA:71,5
DA:73,5
DA:75,5
DA:76,1
DA:79,4
DA:80,1
DA:81,1
DA:82,1
DA:83,1
DA:84,1
DA:86,0
DA:87,0
DA:88,0
DA:92,3
DA:93,1
DA:95,1
DA:98,3
DA:99,3
DA:100,1
DA:101,1
DA:104,2
DA:107,14
DA:108,3
DA:110,3
DA:114,3
DA:116,3
DA:119,14
DA:120,2
DA:122,2
DA:123,1
DA:124,1
DA:125,1
DA:126,1
DA:127,1
DA:129,1
LF:64
LH:61
BRDA:16,0,0,2
BRDA:16,0,1,3
BRDA:20,1,0,1
BRDA:20,1,1,1
BRDA:23,2,0,1
BRDA:23,2,1,1
BRDA:28,3,0,1
BRDA:28,3,1,2
BRDA:51,4,0,1
BRDA:51,4,1,1
BRDA:75,5,0,1
BRDA:75,5,1,4
BRDA:79,6,0,1
BRDA:79,6,1,3
BRDA:80,7,0,1
BRDA:80,7,1,0
BRDA:92,8,0,1
BRDA:92,8,1,2
BRDA:99,9,0,1
BRDA:99,9,1,2
BRDA:122,10,0,1
BRDA:122,10,1,1
BRF:22
BRH:21
end_of_record
TN:
SF:services\Category.service.js
FN:8,(anonymous_0)
FN:14,(anonymous_1)
FN:54,(anonymous_2)
FN:66,(anonymous_3)
FNF:4
FNH:4
FNDA:1,(anonymous_0)
FNDA:2,(anonymous_1)
FNDA:2,(anonymous_2)
FNDA:2,(anonymous_3)
DA:8,14
DA:9,1
DA:11,1
DA:14,14
DA:15,2
DA:16,2
DA:17,2
DA:18,2
DA:20,2
DA:21,1
DA:28,1
DA:34,1
DA:35,1
DA:36,1
DA:40,1
DA:43,1
DA:44,1
DA:47,1
DA:48,0
DA:50,1
DA:54,14
DA:57,2
DA:58,2
DA:59,1
DA:61,1
DA:62,1
DA:63,1
DA:66,14
DA:67,2
DA:68,2
DA:69,1
DA:72,1
LF:32
LH:31
BRDA:20,0,0,1
BRDA:20,0,1,1
BRDA:47,1,0,0
BRDA:47,1,1,1
BRDA:58,2,0,1
BRDA:58,2,1,1
BRDA:68,3,0,1
BRDA:68,3,1,1
BRF:8
BRH:7
end_of_record
TN:
SF:services\Game.service.js
FN:11,(anonymous_0)
FN:68,(anonymous_1)
FN:139,(anonymous_2)
FN:146,(anonymous_3)
FN:155,(anonymous_4)
FN:158,(anonymous_5)
FN:165,(anonymous_6)
FN:178,(anonymous_7)
FN:194,(anonymous_8)
FN:198,(anonymous_9)
FN:201,(anonymous_10)
FN:304,(anonymous_11)
FN:323,(anonymous_12)
FN:343,(anonymous_13)
FN:371,(anonymous_14)
FNF:15
FNH:15
FNDA:2,(anonymous_0)
FNDA:4,(anonymous_1)
FNDA:1,(anonymous_2)
FNDA:3,(anonymous_3)
FNDA:10,(anonymous_4)
FNDA:5,(anonymous_5)
FNDA:2,(anonymous_6)
FNDA:1,(anonymous_7)
FNDA:2,(anonymous_8)
FNDA:2,(anonymous_9)
FNDA:2,(anonymous_10)
FNDA:1,(anonymous_11)
FNDA:2,(anonymous_12)
FNDA:1,(anonymous_13)
FNDA:1,(anonymous_14)
DA:8,14
DA:9,14
DA:11,14
DA:13,2
DA:14,2
DA:16,2
DA:19,2
DA:20,2
DA:21,2
DA:22,1
DA:25,1
DA:35,1
DA:36,1
DA:40,1
DA:42,1
DA:44,1
DA:45,1
DA:46,2
DA:47,2
DA:51,2
DA:55,1
DA:56,1
DA:59,1
DA:60,0
DA:61,0
DA:62,0
DA:64,1
DA:68,14
DA:69,4
DA:70,4
DA:71,4
DA:72,4
DA:73,1
DA:76,3
DA:80,3
DA:81,3
DA:83,3
DA:84,2
DA:85,1
DA:88,2
DA:89,2
DA:90,2
DA:91,2
DA:92,2
DA:93,2
DA:94,2
DA:96,2
DA:98,2
DA:99,2
DA:100,2
DA:101,2
DA:102,2
DA:108,2
DA:109,2
DA:110,2
DA:111,2
DA:112,2
DA:114,2
DA:115,2
DA:117,2
DA:118,1
DA:119,1
DA:120,1
DA:121,1
DA:123,1
DA:124,3
DA:125,3
DA:129,3
DA:133,1
DA:134,1
DA:136,3
DA:137,1
DA:138,1
DA:139,1
DA:142,3
DA:146,14
DA:147,3
DA:149,3
DA:150,1
DA:154,2
DA:155,10
DA:157,2
DA:158,5
DA:159,1
DA:160,1
DA:162,1
DA:165,14
DA:166,2
DA:167,2
DA:168,1
DA:171,1
DA:172,1
DA:173,1
DA:175,1
DA:178,14
DA:179,1
DA:191,1
DA:194,14
DA:195,2
DA:197,2
DA:198,2
DA:201,14
DA:204,2
DA:206,2
DA:208,2
DA:215,1
DA:219,2
DA:226,1
DA:228,2
DA:229,1
DA:230,1
DA:231,1
DA:237,1
DA:238,1
DA:240,1
DA:284,1
DA:285,1
DA:286,1
DA:287,1
DA:288,1
DA:290,0
DA:293,1
DA:304,1
DA:305,1
DA:308,2
DA:309,0
DA:310,0
DA:313,2
DA:323,14
DA:324,2
DA:329,2
DA:330,1
DA:332,1
DA:336,1
DA:337,6
DA:339,1
DA:343,14
DA:344,1
DA:345,1
DA:368,1
DA:371,14
DA:372,1
DA:377,1
LF:143
LH:137
BRDA:21,0,0,1
BRDA:21,0,1,1
BRDA:44,1,0,1
BRDA:44,1,1,0
BRDA:59,2,0,0
BRDA:59,2,1,1
BRDA:72,3,0,1
BRDA:72,3,1,3
BRDA:83,4,0,2
BRDA:83,4,1,1
BRDA:84,5,0,1
BRDA:84,5,1,1
BRDA:98,6,0,2
BRDA:98,6,1,0
BRDA:108,7,0,2
BRDA:108,7,1,0
BRDA:117,8,0,1
BRDA:117,8,1,1
BRDA:136,9,0,1
BRDA:136,9,1,2
BRDA:149,10,0,1
BRDA:149,10,1,2
BRDA:157,11,0,1
BRDA:157,11,1,1
BRDA:167,12,0,1
BRDA:167,12,1,1
BRDA:195,13,0,0
BRDA:195,13,1,2
BRDA:197,14,0,0
BRDA:197,14,1,2
BRDA:208,15,0,1
BRDA:208,15,1,1
BRDA:219,16,0,1
BRDA:219,16,1,1
BRDA:228,17,0,1
BRDA:228,17,1,1
BRDA:230,18,0,1
BRDA:230,18,1,0
BRDA:287,19,0,1
BRDA:287,19,1,0
BRDA:308,20,0,0
BRDA:308,20,1,2
BRDA:329,21,0,1
BRDA:329,21,1,1
BRF:44
BRH:35
end_of_record
TN:
SF:services\Genre.service.js
FN:6,(anonymous_0)
FN:13,(anonymous_1)
FN:30,(anonymous_2)
FNF:3
FNH:3
FNDA:1,(anonymous_0)
FNDA:2,(anonymous_1)
FNDA:2,(anonymous_2)
DA:6,14
DA:7,1
DA:9,1
DA:13,14
DA:14,2
DA:16,2
DA:18,2
DA:19,1
DA:22,1
DA:27,1
DA:30,14
DA:31,2
DA:32,2
DA:33,1
DA:37,1
LF:15
LH:15
BRDA:18,0,0,1
BRDA:18,0,1,1
BRDA:32,1,0,1
BRDA:32,1,1,1
BRF:4
BRH:4
end_of_record
TN:
SF:services\Platform.service.js
FN:6,(anonymous_0)
FN:12,(anonymous_1)
FN:29,(anonymous_2)
FNF:3
FNH:3
FNDA:1,(anonymous_0)
FNDA:2,(anonymous_1)
FNDA:2,(anonymous_2)
DA:6,14
DA:7,1
DA:9,1
DA:12,14
DA:13,2
DA:14,2
DA:16,2
DA:17,1
DA:20,1
DA:25,1
DA:29,14
DA:30,2
DA:31,2
DA:32,1
DA:35,1
LF:15
LH:15
BRDA:16,0,0,1
BRDA:16,0,1,1
BRDA:31,1,0,1
BRDA:31,1,1,1
BRF:4
BRH:4
end_of_record
TN:
SF:services\Post.service.js
FN:4,(anonymous_0)
FN:42,(anonymous_1)
FN:56,(anonymous_2)
FNF:3
FNH:3
FNDA:5,(anonymous_0)
FNDA:2,(anonymous_1)
FNDA:1,(anonymous_2)
DA:4,14
DA:5,5
DA:6,5
DA:7,1
DA:10,4
DA:11,1
DA:12,1
DA:13,1
DA:14,1
DA:15,1
DA:16,1
DA:17,1
DA:19,3
DA:20,1
DA:21,1
DA:22,1
DA:23,1
DA:24,1
DA:25,1
DA:26,1
DA:29,2
DA:30,1
DA:31,1
DA:32,1
DA:34,2
DA:35,1
DA:36,1
DA:37,1
DA:42,14
DA:43,2
DA:44,2
DA:45,1
DA:48,1
DA:49,1
DA:50,1
DA:51,1
DA:53,1
DA:56,14
DA:57,1
DA:65,1
DA:66,2
DA:67,1
DA:68,1
DA:69,1
DA:73,1
LF:45
LH:45
BRDA:6,0,0,1
BRDA:6,0,1,4
BRDA:10,1,0,1
BRDA:10,1,1,3
BRDA:11,2,0,1
BRDA:11,2,1,0
BRDA:19,3,0,1
BRDA:19,3,1,2
BRDA:20,4,0,1
BRDA:20,4,1,0
BRDA:29,5,0,1
BRDA:29,5,1,1
BRDA:34,6,0,1
BRDA:34,6,1,1
BRDA:44,7,0,1
BRDA:44,7,1,1
BRDA:66,8,0,1
BRDA:66,8,1,1
BRDA:68,9,0,1
BRDA:68,9,1,0
BRF:20
BRH:17
end_of_record
TN:
SF:services\Question.service.js
FN:8,(anonymous_0)
FN:40,(anonymous_1)
FN:51,(anonymous_2)
FN:71,(anonymous_3)
FN:87,(anonymous_4)
FN:123,(anonymous_5)
FN:135,(anonymous_6)
FNF:7
FNH:6
FNDA:1,(anonymous_0)
FNDA:2,(anonymous_1)
FNDA:1,(anonymous_2)
FNDA:1,(anonymous_3)
FNDA:2,(anonymous_4)
FNDA:2,(anonymous_5)
FNDA:0,(anonymous_6)
DA:8,14
DA:20,1
DA:37,1
DA:40,14
DA:41,2
DA:44,2
DA:45,1
DA:48,1
DA:51,14
DA:52,1
DA:66,1
DA:68,1
DA:71,14
DA:72,1
DA:73,1
DA:75,1
DA:76,1
DA:77,1
DA:81,1
DA:84,1
DA:87,14
DA:88,2
DA:89,2
DA:90,2
DA:91,2
DA:92,1
DA:95,1
DA:96,1
DA:97,1
DA:98,1
DA:99,1
DA:100,1
DA:102,1
DA:103,1
DA:104,1
DA:105,1
DA:106,1
DA:108,1
DA:112,1
DA:114,1
DA:116,1
DA:117,0
DA:119,1
DA:123,14
DA:124,2
DA:126,2
DA:127,1
DA:129,1
DA:130,1
DA:135,14
DA:136,0
DA:137,0
DA:138,0
DA:139,0
DA:140,0
DA:142,0
LF:56
LH:49
BRDA:44,0,0,1
BRDA:44,0,1,1
BRDA:75,1,0,1
BRDA:75,1,1,0
BRDA:91,2,0,1
BRDA:91,2,1,1
BRDA:102,3,0,1
BRDA:102,3,1,0
BRDA:105,4,0,1
BRDA:105,4,1,0
BRDA:116,5,0,0
BRDA:116,5,1,1
BRDA:126,6,0,1
BRDA:126,6,1,1
BRDA:129,7,0,1
BRDA:129,7,1,0
BRDA:139,8,0,0
BRDA:139,8,1,0
BRF:18
BRH:11
end_of_record
TN:
SF:services\Quiz.service.js
FN:9,(anonymous_0)
FN:37,(anonymous_1)
FN:76,(anonymous_2)
FN:83,(anonymous_3)
FN:128,(anonymous_4)
FN:140,(anonymous_5)
FN:155,(anonymous_6)
FNF:7
FNH:7
FNDA:2,(anonymous_0)
FNDA:2,(anonymous_1)
FNDA:1,(anonymous_2)
FNDA:2,(anonymous_3)
FNDA:2,(anonymous_4)
FNDA:1,(anonymous_5)
FNDA:1,(anonymous_6)
DA:9,14
DA:11,2
DA:12,2
DA:13,2
DA:14,2
DA:15,2
DA:16,1
DA:18,1
DA:19,1
DA:20,1
DA:21,1
DA:22,1
DA:26,1
DA:28,1
DA:30,1
DA:31,0
DA:33,1
DA:37,14
DA:38,2
DA:39,2
DA:40,2
DA:41,2
DA:43,2
DA:44,0
DA:49,0
DA:51,2
DA:61,2
DA:62,0
DA:63,0
DA:66,2
DA:76,14
DA:77,1
DA:81,1
DA:83,14
DA:84,2
DA:85,2
DA:86,2
DA:87,2
DA:88,1
DA:90,1
DA:91,1
DA:92,1
DA:93,1
DA:94,1
DA:95,1
DA:96,1
DA:98,1
DA:99,1
DA:100,1
DA:101,1
DA:102,1
DA:106,1
DA:108,1
DA:120,1
DA:121,0
DA:123,1
DA:128,14
DA:129,2
DA:130,2
DA:131,1
DA:135,1
DA:136,1
DA:137,1
DA:140,14
DA:141,1
DA:143,1
DA:144,0
DA:147,1
DA:155,14
DA:156,1
LF:70
LH:63
BRDA:15,0,0,1
BRDA:15,0,1,1
BRDA:30,1,0,0
BRDA:30,1,1,1
BRDA:43,2,0,0
BRDA:43,2,1,2
BRDA:61,3,0,0
BRDA:61,3,1,2
BRDA:87,4,0,1
BRDA:87,4,1,1
BRDA:98,5,0,1
BRDA:98,5,1,0
BRDA:120,6,0,0
BRDA:120,6,1,1
BRDA:130,7,0,1
BRDA:130,7,1,1
BRDA:143,8,0,0
BRDA:143,8,1,1
BRF:18
BRH:12
end_of_record
TN:
SF:services\QuizSession.service.js
FN:8,(anonymous_0)
FN:35,(anonymous_1)
FN:71,(anonymous_2)
FN:94,(anonymous_3)
FNF:4
FNH:3
FNDA:1,(anonymous_0)
FNDA:0,(anonymous_1)
FNDA:1,(anonymous_2)
FNDA:1,(anonymous_3)
DA:8,14
DA:9,1
DA:11,1
DA:18,1
DA:19,0
DA:22,1
DA:23,1
DA:25,1
DA:32,1
DA:35,14
DA:36,0
DA:37,0
DA:38,0
DA:40,0
DA:41,0
DA:43,0
DA:44,0
DA:45,0
DA:46,0
DA:48,0
DA:49,0
DA:51,0
DA:52,0
DA:55,0
DA:57,0
DA:58,0
DA:59,0
DA:61,0
DA:62,0
DA:64,0
DA:67,0
DA:68,0
DA:71,14
DA:72,1
DA:78,1
DA:79,1
DA:81,1
DA:82,0
DA:85,1
DA:86,0
DA:87,0
DA:88,0
DA:91,1
DA:94,14
DA:95,1
DA:101,1
DA:102,0
DA:105,1
DA:106,1
LF:49
LH:21
BRDA:18,0,0,0
BRDA:18,0,1,1
BRDA:37,1,0,0
BRDA:37,1,1,0
BRDA:40,2,0,0
BRDA:40,2,1,0
BRDA:43,3,0,0
BRDA:43,3,1,0
BRDA:51,4,0,0
BRDA:51,4,1,0
BRDA:57,5,0,0
BRDA:57,5,1,0
BRDA:61,6,0,0
BRDA:61,6,1,0
BRDA:81,7,0,0
BRDA:81,7,1,1
BRDA:85,8,0,0
BRDA:85,8,1,1
BRDA:101,9,0,0
BRDA:101,9,1,1
BRF:20
BRH:4
end_of_record
TN:
SF:services\Reply.service.js
FN:5,(anonymous_0)
FN:31,(anonymous_1)
FN:63,(anonymous_2)
FNF:3
FNH:3
FNDA:3,(anonymous_0)
FNDA:2,(anonymous_1)
FNDA:4,(anonymous_2)
DA:5,14
DA:6,3
DA:8,3
DA:9,1
DA:11,2
DA:12,1
DA:15,1
DA:21,1
DA:22,1
DA:28,1
DA:31,14
DA:32,2
DA:33,2
DA:34,2
DA:36,2
DA:37,1
DA:39,1
DA:48,1
DA:49,0
DA:50,0
DA:53,1
DA:63,14
DA:64,4
DA:65,4
DA:70,4
DA:71,1
DA:74,3
DA:75,1
DA:78,2
DA:79,1
DA:82,1
DA:83,1
DA:84,1
LF:33
LH:31
BRDA:8,0,0,1
BRDA:8,0,1,2
BRDA:11,1,0,1
BRDA:11,1,1,1
BRDA:36,2,0,1
BRDA:36,2,1,1
BRDA:48,3,0,0
BRDA:48,3,1,1
BRDA:70,4,0,1
BRDA:70,4,1,3
BRDA:74,5,0,1
BRDA:74,5,1,2
BRDA:78,6,0,1
BRDA:78,6,1,1
BRF:14
BRH:13
end_of_record
TN:
SF:services\Report.service.js
FN:5,(anonymous_0)
FN:23,(anonymous_1)
FN:30,(anonymous_2)
FNF:3
FNH:3
FNDA:3,(anonymous_0)
FNDA:2,(anonymous_1)
FNDA:1,(anonymous_2)
DA:5,14
DA:6,3
DA:7,3
DA:8,1
DA:10,2
DA:11,1
DA:13,1
DA:20,1
DA:23,14
DA:24,2
DA:25,2
DA:26,1
DA:30,14
DA:34,1
DA:35,1
DA:46,1
DA:50,1
DA:51,1
DA:53,0
DA:54,1
DA:55,0
DA:56,1
DA:57,1
DA:65,1
LF:24
LH:22
BRDA:7,0,0,1
BRDA:7,0,1,2
BRDA:10,1,0,1
BRDA:10,1,1,1
BRDA:25,2,0,1
BRDA:25,2,1,1
BRDA:51,3,0,0
BRDA:51,3,1,1
BRDA:54,4,0,0
BRDA:54,4,1,1
BRDA:56,5,0,1
BRDA:56,5,1,0
BRF:12
BRH:9
end_of_record
TN:
SF:services\Review.service.js
FN:5,(anonymous_0)
FN:42,(anonymous_1)
FN:73,(anonymous_2)
FN:84,(anonymous_3)
FN:117,(anonymous_4)
FNF:5
FNH:5
FNDA:3,(anonymous_0)
FNDA:2,(anonymous_1)
FNDA:2,(anonymous_2)
FNDA:4,(anonymous_3)
FNDA:4,(anonymous_4)
DA:5,14
DA:6,3
DA:7,3
DA:8,1
DA:11,2
DA:18,2
DA:19,1
DA:20,1
DA:21,1
DA:22,1
DA:23,1
DA:25,1
DA:27,1
DA:39,1
DA:42,14
DA:43,2
DA:44,2
DA:46,2
DA:47,1
DA:50,1
DA:59,1
DA:60,0
DA:61,0
DA:64,1
DA:73,14
DA:74,2
DA:77,2
DA:78,1
DA:81,1
DA:84,14
DA:85,4
DA:86,4
DA:87,1
DA:90,3
DA:91,1
DA:93,2
DA:94,1
DA:96,1
DA:98,1
DA:99,1
DA:100,1
DA:102,1
DA:113,1
DA:117,14
DA:118,4
DA:119,4
DA:120,1
DA:122,3
DA:123,1
DA:125,2
DA:126,1
DA:128,1
DA:129,1
LF:53
LH:51
BRDA:7,0,0,1
BRDA:7,0,1,2
BRDA:18,1,0,1
BRDA:18,1,1,1
BRDA:46,2,0,1
BRDA:46,2,1,1
BRDA:59,3,0,0
BRDA:59,3,1,1
BRDA:77,4,0,1
BRDA:77,4,1,1
BRDA:86,5,0,1
BRDA:86,5,1,3
BRDA:90,6,0,1
BRDA:90,6,1,2
BRDA:93,7,0,1
BRDA:93,7,1,1
BRDA:119,8,0,1
BRDA:119,8,1,3
BRDA:122,9,0,1
BRDA:122,9,1,2
BRDA:125,10,0,1
BRDA:125,10,1,1
BRF:22
BRH:21
end_of_record
TN:
SF:services\Tag.service.js
FN:7,(anonymous_0)
FN:11,(anonymous_1)
FN:29,(anonymous_2)
FNF:3
FNH:3
FNDA:1,(anonymous_0)
FNDA:2,(anonymous_1)
FNDA:2,(anonymous_2)
DA:7,14
DA:8,1
DA:11,14
DA:12,2
DA:13,2
DA:15,2
DA:16,1
DA:20,1
DA:25,1
DA:29,14
DA:30,2
DA:31,2
DA:32,1
DA:34,1
LF:14
LH:14
BRDA:15,0,0,1
BRDA:15,0,1,1
BRDA:31,1,0,1
BRDA:31,1,1,1
BRF:4
BRH:4
end_of_record
TN:
SF:services\Thread.service.js
FN:6,(anonymous_0)
FN:25,(anonymous_1)
FN:77,(anonymous_2)
FN:178,(anonymous_3)
FN:201,(anonymous_4)
FN:213,(anonymous_5)
FN:223,(anonymous_6)
FNF:7
FNH:7
FNDA:2,(anonymous_0)
FNDA:1,(anonymous_1)
FNDA:2,(anonymous_2)
FNDA:5,(anonymous_3)
FNDA:2,(anonymous_4)
FNDA:2,(anonymous_5)
FNDA:1,(anonymous_6)
DA:6,14
DA:7,2
DA:9,2
DA:11,2
DA:12,1
DA:15,1
DA:21,1
DA:23,1
DA:25,14
DA:56,1
DA:74,1
DA:77,14
DA:80,2
DA:81,2
DA:82,0
DA:84,2
DA:85,1
DA:86,1
DA:87,1
DA:89,1
DA:141,1
DA:142,1
DA:143,1
DA:144,1
DA:145,1
DA:147,0
DA:151,1
DA:163,2
DA:164,0
DA:165,0
DA:168,2
DA:178,14
DA:179,5
DA:180,5
DA:181,1
DA:184,4
DA:185,1
DA:187,3
DA:188,1
DA:190,2
DA:191,1
DA:193,1
DA:194,1
DA:195,1
DA:196,1
DA:198,1
DA:201,14
DA:202,2
DA:206,2
DA:207,1
DA:210,1
DA:213,14
DA:214,2
DA:215,2
DA:216,1
DA:218,1
DA:219,1
DA:220,1
DA:223,14
DA:224,1
LF:60
LH:56
BRDA:11,0,0,1
BRDA:11,0,1,1
BRDA:81,1,0,0
BRDA:81,1,1,2
BRDA:84,2,0,1
BRDA:84,2,1,1
BRDA:144,3,0,1
BRDA:144,3,1,0
BRDA:163,4,0,0
BRDA:163,4,1,2
BRDA:180,5,0,1
BRDA:180,5,1,4
BRDA:184,6,0,1
BRDA:184,6,1,3
BRDA:187,7,0,1
BRDA:187,7,1,2
BRDA:190,8,0,1
BRDA:190,8,1,1
BRDA:206,9,0,1
BRDA:206,9,1,1
BRDA:215,10,0,1
BRDA:215,10,1,1
BRF:22
BRH:19
end_of_record
TN:
SF:services\User.service.js
FN:6,(anonymous_0)
FN:26,(anonymous_1)
FN:100,(anonymous_2)
FN:113,(anonymous_3)
FN:129,(anonymous_4)
FN:145,(anonymous_5)
FN:160,(anonymous_6)
FN:181,(anonymous_7)
FN:185,(anonymous_8)
FN:194,(anonymous_9)
FN:204,(anonymous_10)
FNF:11
FNH:10
FNDA:3,(anonymous_0)
FNDA:9,(anonymous_1)
FNDA:2,(anonymous_2)
FNDA:3,(anonymous_3)
FNDA:3,(anonymous_4)
FNDA:3,(anonymous_5)
FNDA:4,(anonymous_6)
FNDA:0,(anonymous_7)
FNDA:1,(anonymous_8)
FNDA:1,(anonymous_9)
FNDA:1,(anonymous_10)
DA:6,14
DA:8,3
DA:9,1
DA:14,2
DA:20,3
DA:21,1
DA:23,2
DA:26,14
DA:27,9
DA:28,9
DA:29,1
DA:32,8
DA:33,1
DA:36,7
DA:43,7
DA:44,7
DA:45,7
DA:46,7
DA:47,7
DA:48,7
DA:50,7
DA:51,1
DA:52,1
DA:53,1
DA:56,1
DA:57,6
DA:58,3
DA:59,1
DA:61,1
DA:62,1
DA:65,1
DA:67,2
DA:68,2
DA:69,2
DA:70,2
DA:71,1
DA:73,2
DA:74,1
DA:76,2
DA:78,3
DA:79,3
DA:80,3
DA:81,3
DA:82,3
DA:84,1
DA:87,2
DA:90,2
DA:92,1
DA:96,3
DA:100,14
DA:101,2
DA:102,1
DA:104,2
DA:105,2
DA:109,2
DA:113,14
DA:114,3
DA:116,3
DA:117,1
DA:120,2
DA:121,1
DA:123,1
DA:124,1
DA:126,1
DA:129,14
DA:130,3
DA:132,3
DA:133,1
DA:135,2
DA:136,1
DA:138,1
DA:139,1
DA:141,1
DA:145,14
DA:146,3
DA:147,3
DA:148,1
DA:150,2
DA:151,1
DA:153,1
DA:155,1
DA:157,1
DA:160,14
DA:161,4
DA:162,4
DA:163,1
DA:166,3
DA:167,1
DA:170,2
DA:171,2
DA:172,1
DA:175,1
DA:177,1
DA:181,14
DA:182,0
DA:185,14
DA:186,1
DA:194,14
DA:195,1
DA:196,1
DA:197,1
DA:198,0
DA:201,1
DA:204,14
DA:205,1
DA:209,1
LF:106
LH:104
BRDA:8,0,0,1
BRDA:8,0,1,2
BRDA:20,1,0,1
BRDA:20,1,1,2
BRDA:28,2,0,1
BRDA:28,2,1,8
BRDA:32,3,0,1
BRDA:32,3,1,7
BRDA:50,4,0,1
BRDA:50,4,1,6
BRDA:52,5,0,1
BRDA:52,5,1,0
BRDA:57,6,0,3
BRDA:57,6,1,3
BRDA:58,7,0,1
BRDA:58,7,1,2
BRDA:61,8,0,1
BRDA:61,8,1,0
BRDA:70,9,0,1
BRDA:70,9,1,1
BRDA:73,10,0,1
BRDA:73,10,1,1
BRDA:78,11,0,3
BRDA:78,11,1,0
BRDA:82,12,0,1
BRDA:82,12,1,2
BRDA:90,13,0,1
BRDA:90,13,1,1
BRDA:101,14,0,1
BRDA:101,14,1,1
BRDA:116,15,0,1
BRDA:116,15,1,2
BRDA:120,16,0,1
BRDA:120,16,1,1
BRDA:132,17,0,1
BRDA:132,17,1,2
BRDA:135,18,0,1
BRDA:135,18,1,1
BRDA:147,19,0,1
BRDA:147,19,1,2
BRDA:150,20,0,1
BRDA:150,20,1,1
BRDA:162,21,0,1
BRDA:162,21,1,3
BRDA:166,22,0,1
BRDA:166,22,1,2
BRDA:171,23,0,1
BRDA:171,23,1,1
BRDA:197,24,0,0
BRDA:197,24,1,1
BRF:50
BRH:46
end_of_record
TN:
SF:utils\apiErrors.js
FNF:0
FNH:0
DA:3,14
LF:1
LH:1
BRF:0
BRH:0
end_of_record
TN:
SF:utils\cloudinary.js
FN:25,uploadImage
FN:75,deleteImage
FN:79,deleteFolder
FN:83,deleteImages
FNF:4
FNH:4
FNDA:16,uploadImage
FNDA:10,deleteImage
FNDA:1,deleteFolder
FNDA:7,deleteImages
DA:8,14
DA:15,14
DA:17,14
DA:18,14
DA:26,16
DA:29,16
DA:30,0
DA:32,0
DA:33,0
DA:36,16
DA:41,16
DA:42,16
DA:44,16
DA:45,0
DA:47,0
DA:51,16
DA:52,16
DA:53,8
DA:56,16
DA:61,16
DA:62,16
DA:65,16
DA:68,0
DA:69,0
DA:70,0
DA:76,10
DA:80,1
DA:84,7
LF:28
LH:20
BRDA:25,0,0,0
BRDA:29,1,0,0
BRDA:29,1,1,16
BRDA:32,2,0,0
BRDA:32,2,1,0
BRDA:44,3,0,0
BRDA:44,3,1,16
BRDA:52,4,0,8
BRDA:52,4,1,8
BRDA:61,5,0,16
BRDA:61,5,1,0
BRF:11
BRH:5
end_of_record
TN:
SF:utils\namedEntitySchema.js
FN:7,(anonymous_0)
FNF:1
FNH:1
FNDA:11,(anonymous_0)
DA:3,14
DA:4,14
DA:7,14
DA:8,11
DA:15,14
DA:30,14
LF:6
LH:6
BRF:0
BRH:0
end_of_record
TN:
SF:utils\tokenManager.js
FN:4,(anonymous_0)
FN:17,(anonymous_1)
FN:25,(anonymous_2)
FNF:3
FNH:3
FNDA:22,(anonymous_0)
FNDA:6,(anonymous_1)
FNDA:4,(anonymous_2)
DA:4,14
DA:5,22
DA:6,22
DA:7,22
DA:8,22
DA:11,22
DA:13,0
DA:17,14
DA:18,6
DA:20,6
DA:25,14
DA:26,4
DA:27,4
DA:31,4
DA:32,4
DA:38,0
DA:42,14
LF:17
LH:15
BRF:0
BRH:0
end_of_record
